#
# There is insufficient memory for the Java Runtime Environment to continue.
# Native memory allocation (mmap) failed to map 153092096 bytes for G1 virtual space
# Possible reasons:
#   The system is out of physical RAM or swap space
#   The process is running with CompressedOops enabled, and the Java Heap may be blocking the growth of the native heap
# Possible solutions:
#   Reduce memory load on the system
#   Increase physical memory or swap space
#   Check if swap backing store is full
#   Decrease Java heap size (-Xmx/-Xms)
#   Decrease number of Java threads
#   Decrease Java thread stack sizes (-Xss)
#   Set larger code cache with -XX:ReservedCodeCacheSize=
#   JVM is running with Unscaled Compressed Oops mode in which the Java heap is
#     placed in the first 4GB address space. The Java Heap base address is the
#     maximum limit for the native heap growth. Please use -XX:HeapBaseMinAddress
#     to set the Java Heap base and to place the Java Heap above 4GB virtual address.
# This output file may be truncated or incomplete.
#
#  Out of Memory Error (os_windows.cpp:3527), pid=11624, tid=1740
#
# JRE version: Java(TM) SE Runtime Environment (19.0.1+10) (build 19.0.1+10-21)
# Java VM: Java HotSpot(TM) 64-Bit Server VM (19.0.1+10-21, mixed mode, sharing, tiered, compressed oops, compressed class ptrs, g1 gc, windows-amd64)
# No core dump will be written. Minidumps are not enabled by default on client versions of Windows
#

---------------  S U M M A R Y ------------

Command Line: -Dorg.gradle.internal.worker.tmpdir=C:\Users\toena\IdeaProjects\CPS353-Project\build\tmp\test\work -Dorg.gradle.native=false -Xmx512m -Dfile.encoding=windows-1252 -Duser.country=US -Duser.language=en -Duser.variant -ea worker.org.gradle.process.internal.worker.GradleWorkerMain 'Gradle Test Executor 11'

Host: Intel(R) Celeron(R) N4120 CPU @ 1.10GHz, 4 cores, 3G,  Windows 11 , 64 bit Build 22000 (10.0.22000.1516)
Time: Thu Dec  5 12:00:22 2024 Eastern Standard Time elapsed time: 5.024302 seconds (0d 0h 0m 5s)

---------------  T H R E A D  ---------------

Current thread (0x00000196ffa42210):  VMThread "VM Thread" [stack: 0x0000003f54000000,0x0000003f54100000] [id=1740]

Stack: [0x0000003f54000000,0x0000003f54100000]
Native frames: (J=compiled Java code, j=interpreted, Vv=VM code, C=native code)
V  [jvm.dll+0x6ee8fa]
V  [jvm.dll+0x857a1e]
V  [jvm.dll+0x85940e]
V  [jvm.dll+0x859ac3]
V  [jvm.dll+0x28291f]
V  [jvm.dll+0x6eb6e9]
V  [jvm.dll+0x6e028a]
V  [jvm.dll+0x357136]
V  [jvm.dll+0x35eb96]
V  [jvm.dll+0x3b555e]
V  [jvm.dll+0x3b578f]
V  [jvm.dll+0x32c6ea]
V  [jvm.dll+0x32f6f0]
V  [jvm.dll+0x32f60d]
V  [jvm.dll+0x372847]
V  [jvm.dll+0x85ef83]
V  [jvm.dll+0x85fd49]
V  [jvm.dll+0x86027d]
V  [jvm.dll+0x86070b]
V  [jvm.dll+0x8607c7]
V  [jvm.dll+0x8015fa]
V  [jvm.dll+0x6ed5eb]
C  [ucrtbase.dll+0x26c0c]
C  [KERNEL32.DLL+0x155a0]
C  [ntdll.dll+0x485b]

VM_Operation (0x0000003f53afbb50): G1CollectForAllocation, mode: safepoint, requested by thread 0x00000196ff993c00


---------------  P R O C E S S  ---------------

Threads class SMR info:
_java_thread_list=0x000001969f2c75e0, length=16, elements={
0x00000196ff993c00, 0x00000196ffa5c000, 0x00000196ffa5e940, 0x000001969a812a60,
0x000001969a813390, 0x000001969a813cc0, 0x000001969a8145f0, 0x000001969a81a760,
0x000001969a8230e0, 0x000001969a827a60, 0x000001969ec6f0a0, 0x000001969ec756b0,
0x000001969f264500, 0x000001969f265320, 0x000001969f42e610, 0x000001969f2da740
}

Java Threads: ( => current thread )
  0x00000196ff993c00 JavaThread "Test worker" [_thread_blocked, id=6748, stack(0x0000003f53a00000,0x0000003f53b00000)]
  0x00000196ffa5c000 JavaThread "Reference Handler" daemon [_thread_blocked, id=10392, stack(0x0000003f54100000,0x0000003f54200000)]
  0x00000196ffa5e940 JavaThread "Finalizer" daemon [_thread_blocked, id=4092, stack(0x0000003f54200000,0x0000003f54300000)]
  0x000001969a812a60 JavaThread "Signal Dispatcher" daemon [_thread_blocked, id=10436, stack(0x0000003f54300000,0x0000003f54400000)]
  0x000001969a813390 JavaThread "Attach Listener" daemon [_thread_blocked, id=5972, stack(0x0000003f54400000,0x0000003f54500000)]
  0x000001969a813cc0 JavaThread "Service Thread" daemon [_thread_blocked, id=7140, stack(0x0000003f54500000,0x0000003f54600000)]
  0x000001969a8145f0 JavaThread "Monitor Deflation Thread" daemon [_thread_blocked, id=1532, stack(0x0000003f54600000,0x0000003f54700000)]
  0x000001969a81a760 JavaThread "C2 CompilerThread0" daemon [_thread_blocked, id=4496, stack(0x0000003f54700000,0x0000003f54800000)]
  0x000001969a8230e0 JavaThread "C1 CompilerThread0" daemon [_thread_blocked, id=11700, stack(0x0000003f54800000,0x0000003f54900000)]
  0x000001969a827a60 JavaThread "Sweeper thread" daemon [_thread_blocked, id=9900, stack(0x0000003f54900000,0x0000003f54a00000)]
  0x000001969ec6f0a0 JavaThread "Notification Thread" daemon [_thread_blocked, id=13804, stack(0x0000003f54a00000,0x0000003f54b00000)]
  0x000001969ec756b0 JavaThread "Common-Cleaner" daemon [_thread_blocked, id=9164, stack(0x0000003f54c00000,0x0000003f54d00000)]
  0x000001969f264500 JavaThread "/127.0.0.1:54294 to /127.0.0.1:54293 workers" [_thread_blocked, id=11288, stack(0x0000003f55100000,0x0000003f55200000)]
  0x000001969f265320 JavaThread "C2 CompilerThread1" daemon [_thread_blocked, id=13748, stack(0x0000003f55200000,0x0000003f55300000)]
  0x000001969f42e610 JavaThread "/127.0.0.1:54294 to /127.0.0.1:54293 workers Thread 2" [_thread_blocked, id=4172, stack(0x0000003f55300000,0x0000003f55400000)]
  0x000001969f2da740 JavaThread "/127.0.0.1:54294 to /127.0.0.1:54293 workers Thread 3" [_thread_in_native, id=14368, stack(0x0000003f55400000,0x0000003f55500000)]

Other Threads:
=>0x00000196ffa42210 VMThread "VM Thread" [stack: 0x0000003f54000000,0x0000003f54100000] [id=1740]
  0x000001969ec71a00 WatcherThread "VM Periodic Task Thread" [stack: 0x0000003f54b00000,0x0000003f54c00000] [id=8880]
  0x00000196ff9c5700 WorkerThread "GC Thread#0" [stack: 0x0000003f53b00000,0x0000003f53c00000] [id=3772]
  0x000001969f260210 WorkerThread "GC Thread#1" [stack: 0x0000003f54e00000,0x0000003f54f00000] [id=11400]
  0x000001969f2a51a0 WorkerThread "GC Thread#2" [stack: 0x0000003f54f00000,0x0000003f55000000] [id=13736]
  0x000001969f2a5470 WorkerThread "GC Thread#3" [stack: 0x0000003f55000000,0x0000003f55100000] [id=7960]
  0x00000196ff9ca860 ConcurrentGCThread "G1 Main Marker" [stack: 0x0000003f53c00000,0x0000003f53d00000] [id=10500]
  0x00000196ff9cd990 WorkerThread "G1 Conc#0" [stack: 0x0000003f53d00000,0x0000003f53e00000] [id=8464]
  0x00000196ffa1f8c0 ConcurrentGCThread "G1 Refine#0" [stack: 0x0000003f53e00000,0x0000003f53f00000] [id=1964]
  0x000001969f7db1d0 ConcurrentGCThread "G1 Refine#1" [stack: 0x0000003f55500000,0x0000003f55600000] [id=13532]
  0x000001969fbb96b0 ConcurrentGCThread "G1 Refine#2" [stack: 0x0000003f55600000,0x0000003f55700000] [id=688]
  0x000001969f7f92d0 ConcurrentGCThread "G1 Refine#3" [stack: 0x0000003f55700000,0x0000003f55800000] [id=9076]
  0x00000196ffa201a0 ConcurrentGCThread "G1 Service" [stack: 0x0000003f53f00000,0x0000003f54000000] [id=11632]

Threads with active compile tasks:

VM state: at safepoint (normal execution)

VM Mutex/Monitor currently owned by a thread:  ([mutex/lock_event])
[0x00000196ff98f970] Threads_lock - owner thread: 0x00000196ffa42210
[0x00000196ff98f3d0] Heap_lock - owner thread: 0x00000196ff993c00

Heap address: 0x00000000e0000000, size: 512 MB, Compressed Oops mode: 32-bit

CDS archive(s) mapped at: [0x0000000800000000-0x0000000800c40000-0x0000000800c40000), size 12845056, SharedBaseAddress: 0x0000000800000000, ArchiveRelocationMode: 0.
Compressed class space mapped at: 0x0000000801000000-0x0000000841000000, reserved size: 1073741824
Narrow klass base: 0x0000000800000000, Narrow klass shift: 0, Narrow klass range: 0x100000000

GC Precious Log:
 CardTable entry size: 512
 Card Set container configuration: InlinePtr #cards 5 size 8 Array Of Cards #cards 12 size 40 Howl #buckets 4 coarsen threshold 1843 Howl Bitmap #cards 512 size 80 coarsen threshold 460 Card regions per heap region 1 cards per card region 2048
 CPUs: 4 total, 4 available
 Memory: 3858M
 Large Page Support: Disabled
 NUMA Support: Disabled
 Compressed Oops: Enabled (32-bit)
 Heap Region Size: 1M
 Heap Min Capacity: 8M
 Heap Initial Capacity: 62M
 Heap Max Capacity: 512M
 Pre-touch: Disabled
 Parallel Workers: 4
 Concurrent Workers: 1
 Concurrent Refinement Workers: 4
 Periodic GC: Disabled

Heap:
 garbage-first heap   total 374784K, used 210333K [0x00000000e0000000, 0x0000000100000000)
  region size 1024K, 1 young (1024K), 1 survivors (1024K)
 Metaspace       used 8127K, committed 8384K, reserved 1114112K
  class space    used 1089K, committed 1216K, reserved 1048576K

Heap Regions: E=young(eden), S=young(survivor), O=old, HS=humongous(starts), HC=humongous(continues), CS=collection set, F=free, OA=open archive, CA=closed archive, TAMS=top-at-mark-start (previous, next)
|   0|0x00000000e0000000, 0x00000000e0100000, 0x00000000e0100000|100%| O|  |TAMS 0x00000000e0100000, 0x00000000e0100000| Untracked 
|   1|0x00000000e0100000, 0x00000000e0200000, 0x00000000e0200000|100%| O|  |TAMS 0x00000000e0200000, 0x00000000e0200000| Untracked 
|   2|0x00000000e0200000, 0x00000000e0300000, 0x00000000e0300000|100%| O|  |TAMS 0x00000000e0300000, 0x00000000e0300000| Untracked 
|   3|0x00000000e0300000, 0x00000000e0400000, 0x00000000e0400000|100%| O|  |TAMS 0x00000000e0400000, 0x00000000e0400000| Untracked 
|   4|0x00000000e0400000, 0x00000000e0500000, 0x00000000e0500000|100%| O|  |TAMS 0x00000000e0500000, 0x00000000e0500000| Untracked 
|   5|0x00000000e0500000, 0x00000000e0600000, 0x00000000e0600000|100%| O|  |TAMS 0x00000000e0600000, 0x00000000e0600000| Untracked 
|   6|0x00000000e0600000, 0x00000000e0600000, 0x00000000e0700000|  0%| F|  |TAMS 0x00000000e0600000, 0x00000000e0600000| Untracked 
|   7|0x00000000e0700000, 0x00000000e0700000, 0x00000000e0800000|  0%| F|  |TAMS 0x00000000e0700000, 0x00000000e0700000| Untracked 
|   8|0x00000000e0800000, 0x00000000e0800000, 0x00000000e0900000|  0%| F|  |TAMS 0x00000000e0800000, 0x00000000e0800000| Untracked 
|   9|0x00000000e0900000, 0x00000000e0900000, 0x00000000e0a00000|  0%| F|  |TAMS 0x00000000e0900000, 0x00000000e0900000| Untracked 
|  10|0x00000000e0a00000, 0x00000000e0a00000, 0x00000000e0b00000|  0%| F|  |TAMS 0x00000000e0a00000, 0x00000000e0a00000| Untracked 
|  11|0x00000000e0b00000, 0x00000000e0b00000, 0x00000000e0c00000|  0%| F|  |TAMS 0x00000000e0b00000, 0x00000000e0b00000| Untracked 
|  12|0x00000000e0c00000, 0x00000000e0c00000, 0x00000000e0d00000|  0%| F|  |TAMS 0x00000000e0c00000, 0x00000000e0c00000| Untracked 
|  13|0x00000000e0d00000, 0x00000000e0d00000, 0x00000000e0e00000|  0%| F|  |TAMS 0x00000000e0d00000, 0x00000000e0d00000| Untracked 
|  14|0x00000000e0e00000, 0x00000000e0e00000, 0x00000000e0f00000|  0%| F|  |TAMS 0x00000000e0e00000, 0x00000000e0e00000| Untracked 
|  15|0x00000000e0f00000, 0x00000000e0f00000, 0x00000000e1000000|  0%| F|  |TAMS 0x00000000e0f00000, 0x00000000e0f00000| Untracked 
|  16|0x00000000e1000000, 0x00000000e1000000, 0x00000000e1100000|  0%| F|  |TAMS 0x00000000e1000000, 0x00000000e1000000| Untracked 
|  17|0x00000000e1100000, 0x00000000e1100000, 0x00000000e1200000|  0%| F|  |TAMS 0x00000000e1100000, 0x00000000e1100000| Untracked 
|  18|0x00000000e1200000, 0x00000000e1200000, 0x00000000e1300000|  0%| F|  |TAMS 0x00000000e1200000, 0x00000000e1200000| Untracked 
|  19|0x00000000e1300000, 0x00000000e1300000, 0x00000000e1400000|  0%| F|  |TAMS 0x00000000e1300000, 0x00000000e1300000| Untracked 
|  20|0x00000000e1400000, 0x00000000e1400000, 0x00000000e1500000|  0%| F|  |TAMS 0x00000000e1400000, 0x00000000e1400000| Untracked 
|  21|0x00000000e1500000, 0x00000000e1500000, 0x00000000e1600000|  0%| F|  |TAMS 0x00000000e1500000, 0x00000000e1500000| Untracked 
|  22|0x00000000e1600000, 0x00000000e162b000, 0x00000000e1700000| 16%| O|  |TAMS 0x00000000e162b000, 0x00000000e162b000| Untracked 
|  23|0x00000000e1700000, 0x00000000e1700000, 0x00000000e1800000|  0%| F|  |TAMS 0x00000000e1700000, 0x00000000e1700000| Untracked 
|  24|0x00000000e1800000, 0x00000000e1800000, 0x00000000e1900000|  0%| F|  |TAMS 0x00000000e1800000, 0x00000000e1800000| Untracked 
|  25|0x00000000e1900000, 0x00000000e1900000, 0x00000000e1a00000|  0%| F|  |TAMS 0x00000000e1900000, 0x00000000e1900000| Untracked 
|  26|0x00000000e1a00000, 0x00000000e1a00000, 0x00000000e1b00000|  0%| F|  |TAMS 0x00000000e1a00000, 0x00000000e1a00000| Untracked 
|  27|0x00000000e1b00000, 0x00000000e1b00000, 0x00000000e1c00000|  0%| F|  |TAMS 0x00000000e1b00000, 0x00000000e1b00000| Untracked 
|  28|0x00000000e1c00000, 0x00000000e1c00000, 0x00000000e1d00000|  0%| F|  |TAMS 0x00000000e1c00000, 0x00000000e1c00000| Untracked 
|  29|0x00000000e1d00000, 0x00000000e1d00000, 0x00000000e1e00000|  0%| F|  |TAMS 0x00000000e1d00000, 0x00000000e1d00000| Untracked 
|  30|0x00000000e1e00000, 0x00000000e1e00000, 0x00000000e1f00000|  0%| F|  |TAMS 0x00000000e1e00000, 0x00000000e1e00000| Untracked 
|  31|0x00000000e1f00000, 0x00000000e1f00000, 0x00000000e2000000|  0%| F|  |TAMS 0x00000000e1f00000, 0x00000000e1f00000| Untracked 
|  32|0x00000000e2000000, 0x00000000e2000000, 0x00000000e2100000|  0%| F|  |TAMS 0x00000000e2000000, 0x00000000e2000000| Untracked 
|  33|0x00000000e2100000, 0x00000000e2100000, 0x00000000e2200000|  0%| F|  |TAMS 0x00000000e2100000, 0x00000000e2100000| Untracked 
|  34|0x00000000e2200000, 0x00000000e2200000, 0x00000000e2300000|  0%| F|  |TAMS 0x00000000e2200000, 0x00000000e2200000| Untracked 
|  35|0x00000000e2300000, 0x00000000e2300000, 0x00000000e2400000|  0%| F|  |TAMS 0x00000000e2300000, 0x00000000e2300000| Untracked 
|  36|0x00000000e2400000, 0x00000000e2400000, 0x00000000e2500000|  0%| F|  |TAMS 0x00000000e2400000, 0x00000000e2400000| Untracked 
|  37|0x00000000e2500000, 0x00000000e2500000, 0x00000000e2600000|  0%| F|  |TAMS 0x00000000e2500000, 0x00000000e2500000| Untracked 
|  38|0x00000000e2600000, 0x00000000e2600000, 0x00000000e2700000|  0%| F|  |TAMS 0x00000000e2600000, 0x00000000e2600000| Untracked 
|  39|0x00000000e2700000, 0x00000000e2700000, 0x00000000e2800000|  0%| F|  |TAMS 0x00000000e2700000, 0x00000000e2700000| Untracked 
|  40|0x00000000e2800000, 0x00000000e2800000, 0x00000000e2900000|  0%| F|  |TAMS 0x00000000e2800000, 0x00000000e2800000| Untracked 
|  41|0x00000000e2900000, 0x00000000e2900000, 0x00000000e2a00000|  0%| F|  |TAMS 0x00000000e2900000, 0x00000000e2900000| Untracked 
|  42|0x00000000e2a00000, 0x00000000e2a00000, 0x00000000e2b00000|  0%| F|  |TAMS 0x00000000e2a00000, 0x00000000e2a00000| Untracked 
|  43|0x00000000e2b00000, 0x00000000e2b00000, 0x00000000e2c00000|  0%| F|  |TAMS 0x00000000e2b00000, 0x00000000e2b00000| Untracked 
|  44|0x00000000e2c00000, 0x00000000e2c00000, 0x00000000e2d00000|  0%| F|  |TAMS 0x00000000e2c00000, 0x00000000e2c00000| Untracked 
|  45|0x00000000e2d00000, 0x00000000e2d00000, 0x00000000e2e00000|  0%| F|  |TAMS 0x00000000e2d00000, 0x00000000e2d00000| Untracked 
|  46|0x00000000e2e00000, 0x00000000e2e00000, 0x00000000e2f00000|  0%| F|  |TAMS 0x00000000e2e00000, 0x00000000e2e00000| Untracked 
|  47|0x00000000e2f00000, 0x00000000e2f00000, 0x00000000e3000000|  0%| F|  |TAMS 0x00000000e2f00000, 0x00000000e2f00000| Untracked 
|  48|0x00000000e3000000, 0x00000000e3000000, 0x00000000e3100000|  0%| F|  |TAMS 0x00000000e3000000, 0x00000000e3000000| Untracked 
|  49|0x00000000e3100000, 0x00000000e3100000, 0x00000000e3200000|  0%| F|  |TAMS 0x00000000e3100000, 0x00000000e3100000| Untracked 
|  50|0x00000000e3200000, 0x00000000e3200000, 0x00000000e3300000|  0%| F|  |TAMS 0x00000000e3200000, 0x00000000e3200000| Untracked 
|  51|0x00000000e3300000, 0x00000000e3300000, 0x00000000e3400000|  0%| F|  |TAMS 0x00000000e3300000, 0x00000000e3300000| Untracked 
|  52|0x00000000e3400000, 0x00000000e3400000, 0x00000000e3500000|  0%| F|  |TAMS 0x00000000e3400000, 0x00000000e3400000| Untracked 
|  53|0x00000000e3500000, 0x00000000e3500000, 0x00000000e3600000|  0%| F|  |TAMS 0x00000000e3500000, 0x00000000e3500000| Untracked 
|  54|0x00000000e3600000, 0x00000000e3600000, 0x00000000e3700000|  0%| F|  |TAMS 0x00000000e3600000, 0x00000000e3600000| Untracked 
|  55|0x00000000e3700000, 0x00000000e3700000, 0x00000000e3800000|  0%| F|  |TAMS 0x00000000e3700000, 0x00000000e3700000| Untracked 
|  56|0x00000000e3800000, 0x00000000e3800000, 0x00000000e3900000|  0%| F|  |TAMS 0x00000000e3800000, 0x00000000e3800000| Untracked 
|  57|0x00000000e3900000, 0x00000000e3900000, 0x00000000e3a00000|  0%| F|  |TAMS 0x00000000e3900000, 0x00000000e3900000| Untracked 
|  58|0x00000000e3a00000, 0x00000000e3a00000, 0x00000000e3b00000|  0%| F|  |TAMS 0x00000000e3a00000, 0x00000000e3a00000| Untracked 
|  59|0x00000000e3b00000, 0x00000000e3b00000, 0x00000000e3c00000|  0%| F|  |TAMS 0x00000000e3b00000, 0x00000000e3b00000| Untracked 
|  60|0x00000000e3c00000, 0x00000000e3c00000, 0x00000000e3d00000|  0%| F|  |TAMS 0x00000000e3c00000, 0x00000000e3c00000| Untracked 
|  61|0x00000000e3d00000, 0x00000000e3d00000, 0x00000000e3e00000|  0%| F|  |TAMS 0x00000000e3d00000, 0x00000000e3d00000| Untracked 
|  62|0x00000000e3e00000, 0x00000000e3e00000, 0x00000000e3f00000|  0%| F|  |TAMS 0x00000000e3e00000, 0x00000000e3e00000| Untracked 
|  63|0x00000000e3f00000, 0x00000000e3f00000, 0x00000000e4000000|  0%| F|  |TAMS 0x00000000e3f00000, 0x00000000e3f00000| Untracked 
|  64|0x00000000e4000000, 0x00000000e4000000, 0x00000000e4100000|  0%| F|  |TAMS 0x00000000e4000000, 0x00000000e4000000| Untracked 
|  65|0x00000000e4100000, 0x00000000e4100000, 0x00000000e4200000|  0%| F|  |TAMS 0x00000000e4100000, 0x00000000e4100000| Untracked 
|  66|0x00000000e4200000, 0x00000000e4200000, 0x00000000e4300000|  0%| F|  |TAMS 0x00000000e4200000, 0x00000000e4200000| Untracked 
|  67|0x00000000e4300000, 0x00000000e4300000, 0x00000000e4400000|  0%| F|  |TAMS 0x00000000e4300000, 0x00000000e4300000| Untracked 
|  68|0x00000000e4400000, 0x00000000e4400000, 0x00000000e4500000|  0%| F|  |TAMS 0x00000000e4400000, 0x00000000e4400000| Untracked 
|  69|0x00000000e4500000, 0x00000000e4500000, 0x00000000e4600000|  0%| F|  |TAMS 0x00000000e4500000, 0x00000000e4500000| Untracked 
|  70|0x00000000e4600000, 0x00000000e4600000, 0x00000000e4700000|  0%| F|  |TAMS 0x00000000e4600000, 0x00000000e4600000| Untracked 
|  71|0x00000000e4700000, 0x00000000e4700000, 0x00000000e4800000|  0%| F|  |TAMS 0x00000000e4700000, 0x00000000e4700000| Untracked 
|  72|0x00000000e4800000, 0x00000000e4800000, 0x00000000e4900000|  0%| F|  |TAMS 0x00000000e4800000, 0x00000000e4800000| Untracked 
|  73|0x00000000e4900000, 0x00000000e4900000, 0x00000000e4a00000|  0%| F|  |TAMS 0x00000000e4900000, 0x00000000e4900000| Untracked 
|  74|0x00000000e4a00000, 0x00000000e4a00000, 0x00000000e4b00000|  0%| F|  |TAMS 0x00000000e4a00000, 0x00000000e4a00000| Untracked 
|  75|0x00000000e4b00000, 0x00000000e4b00000, 0x00000000e4c00000|  0%| F|  |TAMS 0x00000000e4b00000, 0x00000000e4b00000| Untracked 
|  76|0x00000000e4c00000, 0x00000000e4c00000, 0x00000000e4d00000|  0%| F|  |TAMS 0x00000000e4c00000, 0x00000000e4c00000| Untracked 
|  77|0x00000000e4d00000, 0x00000000e4d00000, 0x00000000e4e00000|  0%| F|  |TAMS 0x00000000e4d00000, 0x00000000e4d00000| Untracked 
|  78|0x00000000e4e00000, 0x00000000e4e00000, 0x00000000e4f00000|  0%| F|  |TAMS 0x00000000e4e00000, 0x00000000e4e00000| Untracked 
|  79|0x00000000e4f00000, 0x00000000e4f00000, 0x00000000e5000000|  0%| F|  |TAMS 0x00000000e4f00000, 0x00000000e4f00000| Untracked 
|  80|0x00000000e5000000, 0x00000000e5000000, 0x00000000e5100000|  0%| F|  |TAMS 0x00000000e5000000, 0x00000000e5000000| Untracked 
|  81|0x00000000e5100000, 0x00000000e5100000, 0x00000000e5200000|  0%| F|  |TAMS 0x00000000e5100000, 0x00000000e5100000| Untracked 
|  82|0x00000000e5200000, 0x00000000e5200000, 0x00000000e5300000|  0%| F|  |TAMS 0x00000000e5200000, 0x00000000e5200000| Untracked 
|  83|0x00000000e5300000, 0x00000000e5300000, 0x00000000e5400000|  0%| F|  |TAMS 0x00000000e5300000, 0x00000000e5300000| Untracked 
|  84|0x00000000e5400000, 0x00000000e5400000, 0x00000000e5500000|  0%| F|  |TAMS 0x00000000e5400000, 0x00000000e5400000| Untracked 
|  85|0x00000000e5500000, 0x00000000e5500000, 0x00000000e5600000|  0%| F|  |TAMS 0x00000000e5500000, 0x00000000e5500000| Untracked 
|  86|0x00000000e5600000, 0x00000000e5600000, 0x00000000e5700000|  0%| F|  |TAMS 0x00000000e5600000, 0x00000000e5600000| Untracked 
|  87|0x00000000e5700000, 0x00000000e5700000, 0x00000000e5800000|  0%| F|  |TAMS 0x00000000e5700000, 0x00000000e5700000| Untracked 
|  88|0x00000000e5800000, 0x00000000e5800000, 0x00000000e5900000|  0%| F|  |TAMS 0x00000000e5800000, 0x00000000e5800000| Untracked 
|  89|0x00000000e5900000, 0x00000000e5900000, 0x00000000e5a00000|  0%| F|  |TAMS 0x00000000e5900000, 0x00000000e5900000| Untracked 
|  90|0x00000000e5a00000, 0x00000000e5a00000, 0x00000000e5b00000|  0%| F|  |TAMS 0x00000000e5a00000, 0x00000000e5a00000| Untracked 
|  91|0x00000000e5b00000, 0x00000000e5b00000, 0x00000000e5c00000|  0%| F|  |TAMS 0x00000000e5b00000, 0x00000000e5b00000| Untracked 
|  92|0x00000000e5c00000, 0x00000000e5c00000, 0x00000000e5d00000|  0%| F|  |TAMS 0x00000000e5c00000, 0x00000000e5c00000| Untracked 
|  93|0x00000000e5d00000, 0x00000000e5d00000, 0x00000000e5e00000|  0%| F|  |TAMS 0x00000000e5d00000, 0x00000000e5d00000| Untracked 
|  94|0x00000000e5e00000, 0x00000000e5e00000, 0x00000000e5f00000|  0%| F|  |TAMS 0x00000000e5e00000, 0x00000000e5e00000| Untracked 
|  95|0x00000000e5f00000, 0x00000000e5f00000, 0x00000000e6000000|  0%| F|  |TAMS 0x00000000e5f00000, 0x00000000e5f00000| Untracked 
|  96|0x00000000e6000000, 0x00000000e6000000, 0x00000000e6100000|  0%| F|  |TAMS 0x00000000e6000000, 0x00000000e6000000| Untracked 
|  97|0x00000000e6100000, 0x00000000e6100000, 0x00000000e6200000|  0%| F|  |TAMS 0x00000000e6100000, 0x00000000e6100000| Untracked 
|  98|0x00000000e6200000, 0x00000000e6200000, 0x00000000e6300000|  0%| F|  |TAMS 0x00000000e6200000, 0x00000000e6200000| Untracked 
|  99|0x00000000e6300000, 0x00000000e6300000, 0x00000000e6400000|  0%| F|  |TAMS 0x00000000e6300000, 0x00000000e6300000| Untracked 
| 100|0x00000000e6400000, 0x00000000e6400000, 0x00000000e6500000|  0%| F|  |TAMS 0x00000000e6400000, 0x00000000e6400000| Untracked 
| 101|0x00000000e6500000, 0x00000000e6500000, 0x00000000e6600000|  0%| F|  |TAMS 0x00000000e6500000, 0x00000000e6500000| Untracked 
| 102|0x00000000e6600000, 0x00000000e6600000, 0x00000000e6700000|  0%| F|  |TAMS 0x00000000e6600000, 0x00000000e6600000| Untracked 
| 103|0x00000000e6700000, 0x00000000e6700000, 0x00000000e6800000|  0%| F|  |TAMS 0x00000000e6700000, 0x00000000e6700000| Untracked 
| 104|0x00000000e6800000, 0x00000000e6800000, 0x00000000e6900000|  0%| F|  |TAMS 0x00000000e6800000, 0x00000000e6800000| Untracked 
| 105|0x00000000e6900000, 0x00000000e6900000, 0x00000000e6a00000|  0%| F|  |TAMS 0x00000000e6900000, 0x00000000e6900000| Untracked 
| 106|0x00000000e6a00000, 0x00000000e6a00000, 0x00000000e6b00000|  0%| F|  |TAMS 0x00000000e6a00000, 0x00000000e6a00000| Untracked 
| 107|0x00000000e6b00000, 0x00000000e6b00000, 0x00000000e6c00000|  0%| F|  |TAMS 0x00000000e6b00000, 0x00000000e6b00000| Untracked 
| 108|0x00000000e6c00000, 0x00000000e6c00000, 0x00000000e6d00000|  0%| F|  |TAMS 0x00000000e6c00000, 0x00000000e6c00000| Untracked 
| 109|0x00000000e6d00000, 0x00000000e6d00000, 0x00000000e6e00000|  0%| F|  |TAMS 0x00000000e6d00000, 0x00000000e6d00000| Untracked 
| 110|0x00000000e6e00000, 0x00000000e6e00000, 0x00000000e6f00000|  0%| F|  |TAMS 0x00000000e6e00000, 0x00000000e6e00000| Untracked 
| 111|0x00000000e6f00000, 0x00000000e6f00000, 0x00000000e7000000|  0%| F|  |TAMS 0x00000000e6f00000, 0x00000000e6f00000| Untracked 
| 112|0x00000000e7000000, 0x00000000e7000000, 0x00000000e7100000|  0%| F|  |TAMS 0x00000000e7000000, 0x00000000e7000000| Untracked 
| 113|0x00000000e7100000, 0x00000000e7100000, 0x00000000e7200000|  0%| F|  |TAMS 0x00000000e7100000, 0x00000000e7100000| Untracked 
| 114|0x00000000e7200000, 0x00000000e7200000, 0x00000000e7300000|  0%| F|  |TAMS 0x00000000e7200000, 0x00000000e7200000| Untracked 
| 115|0x00000000e7300000, 0x00000000e7300000, 0x00000000e7400000|  0%| F|  |TAMS 0x00000000e7300000, 0x00000000e7300000| Untracked 
| 116|0x00000000e7400000, 0x00000000e7400000, 0x00000000e7500000|  0%| F|  |TAMS 0x00000000e7400000, 0x00000000e7400000| Untracked 
| 117|0x00000000e7500000, 0x00000000e7500000, 0x00000000e7600000|  0%| F|  |TAMS 0x00000000e7500000, 0x00000000e7500000| Untracked 
| 118|0x00000000e7600000, 0x00000000e7600000, 0x00000000e7700000|  0%| F|  |TAMS 0x00000000e7600000, 0x00000000e7600000| Untracked 
| 119|0x00000000e7700000, 0x00000000e7700000, 0x00000000e7800000|  0%| F|  |TAMS 0x00000000e7700000, 0x00000000e7700000| Untracked 
| 120|0x00000000e7800000, 0x00000000e7800000, 0x00000000e7900000|  0%| F|  |TAMS 0x00000000e7800000, 0x00000000e7800000| Untracked 
| 121|0x00000000e7900000, 0x00000000e7900000, 0x00000000e7a00000|  0%| F|  |TAMS 0x00000000e7900000, 0x00000000e7900000| Untracked 
| 122|0x00000000e7a00000, 0x00000000e7a00000, 0x00000000e7b00000|  0%| F|  |TAMS 0x00000000e7a00000, 0x00000000e7a00000| Untracked 
| 123|0x00000000e7b00000, 0x00000000e7b00000, 0x00000000e7c00000|  0%| F|  |TAMS 0x00000000e7b00000, 0x00000000e7b00000| Untracked 
| 124|0x00000000e7c00000, 0x00000000e7c00000, 0x00000000e7d00000|  0%| F|  |TAMS 0x00000000e7c00000, 0x00000000e7c00000| Untracked 
| 125|0x00000000e7d00000, 0x00000000e7d00000, 0x00000000e7e00000|  0%| F|  |TAMS 0x00000000e7d00000, 0x00000000e7d00000| Untracked 
| 126|0x00000000e7e00000, 0x00000000e7e00000, 0x00000000e7f00000|  0%| F|  |TAMS 0x00000000e7e00000, 0x00000000e7e00000| Untracked 
| 127|0x00000000e7f00000, 0x00000000e7f00000, 0x00000000e8000000|  0%| F|  |TAMS 0x00000000e7f00000, 0x00000000e7f00000| Untracked 
| 128|0x00000000e8000000, 0x00000000e8000000, 0x00000000e8100000|  0%| F|  |TAMS 0x00000000e8000000, 0x00000000e8000000| Untracked 
| 129|0x00000000e8100000, 0x00000000e8100000, 0x00000000e8200000|  0%| F|  |TAMS 0x00000000e8100000, 0x00000000e8100000| Untracked 
| 130|0x00000000e8200000, 0x00000000e8200000, 0x00000000e8300000|  0%| F|  |TAMS 0x00000000e8200000, 0x00000000e8200000| Untracked 
| 131|0x00000000e8300000, 0x00000000e8300000, 0x00000000e8400000|  0%| F|  |TAMS 0x00000000e8300000, 0x00000000e8300000| Untracked 
| 132|0x00000000e8400000, 0x00000000e8400000, 0x00000000e8500000|  0%| F|  |TAMS 0x00000000e8400000, 0x00000000e8400000| Untracked 
| 133|0x00000000e8500000, 0x00000000e8500000, 0x00000000e8600000|  0%| F|  |TAMS 0x00000000e8500000, 0x00000000e8500000| Untracked 
| 134|0x00000000e8600000, 0x00000000e8600000, 0x00000000e8700000|  0%| F|  |TAMS 0x00000000e8600000, 0x00000000e8600000| Untracked 
| 135|0x00000000e8700000, 0x00000000e8700000, 0x00000000e8800000|  0%| F|  |TAMS 0x00000000e8700000, 0x00000000e8700000| Untracked 
| 136|0x00000000e8800000, 0x00000000e8800000, 0x00000000e8900000|  0%| F|  |TAMS 0x00000000e8800000, 0x00000000e8800000| Untracked 
| 137|0x00000000e8900000, 0x00000000e8900000, 0x00000000e8a00000|  0%| F|  |TAMS 0x00000000e8900000, 0x00000000e8900000| Untracked 
| 138|0x00000000e8a00000, 0x00000000e8a00000, 0x00000000e8b00000|  0%| F|  |TAMS 0x00000000e8a00000, 0x00000000e8a00000| Untracked 
| 139|0x00000000e8b00000, 0x00000000e8b00000, 0x00000000e8c00000|  0%| F|  |TAMS 0x00000000e8b00000, 0x00000000e8b00000| Untracked 
| 140|0x00000000e8c00000, 0x00000000e8c00000, 0x00000000e8d00000|  0%| F|  |TAMS 0x00000000e8c00000, 0x00000000e8c00000| Untracked 
| 141|0x00000000e8d00000, 0x00000000e8d00000, 0x00000000e8e00000|  0%| F|  |TAMS 0x00000000e8d00000, 0x00000000e8d00000| Untracked 
| 142|0x00000000e8e00000, 0x00000000e8e00000, 0x00000000e8f00000|  0%| F|  |TAMS 0x00000000e8e00000, 0x00000000e8e00000| Untracked 
| 143|0x00000000e8f00000, 0x00000000e8f00000, 0x00000000e9000000|  0%| F|  |TAMS 0x00000000e8f00000, 0x00000000e8f00000| Untracked 
| 144|0x00000000e9000000, 0x00000000e9000000, 0x00000000e9100000|  0%| F|  |TAMS 0x00000000e9000000, 0x00000000e9000000| Untracked 
| 145|0x00000000e9100000, 0x00000000e9100000, 0x00000000e9200000|  0%| F|  |TAMS 0x00000000e9100000, 0x00000000e9100000| Untracked 
| 146|0x00000000e9200000, 0x00000000e9200000, 0x00000000e9300000|  0%| F|  |TAMS 0x00000000e9200000, 0x00000000e9200000| Untracked 
| 147|0x00000000e9300000, 0x00000000e9300000, 0x00000000e9400000|  0%| F|  |TAMS 0x00000000e9300000, 0x00000000e9300000| Untracked 
| 148|0x00000000e9400000, 0x00000000e9400000, 0x00000000e9500000|  0%| F|  |TAMS 0x00000000e9400000, 0x00000000e9400000| Untracked 
| 149|0x00000000e9500000, 0x00000000e9500000, 0x00000000e9600000|  0%| F|  |TAMS 0x00000000e9500000, 0x00000000e9500000| Untracked 
| 150|0x00000000e9600000, 0x00000000e9600000, 0x00000000e9700000|  0%| F|  |TAMS 0x00000000e9600000, 0x00000000e9600000| Untracked 
| 151|0x00000000e9700000, 0x00000000e9700000, 0x00000000e9800000|  0%| F|  |TAMS 0x00000000e9700000, 0x00000000e9700000| Untracked 
| 152|0x00000000e9800000, 0x00000000e9800000, 0x00000000e9900000|  0%| F|  |TAMS 0x00000000e9800000, 0x00000000e9800000| Untracked 
| 153|0x00000000e9900000, 0x00000000e9900000, 0x00000000e9a00000|  0%| F|  |TAMS 0x00000000e9900000, 0x00000000e9900000| Untracked 
| 154|0x00000000e9a00000, 0x00000000e9a00000, 0x00000000e9b00000|  0%| F|  |TAMS 0x00000000e9a00000, 0x00000000e9a00000| Untracked 
| 155|0x00000000e9b00000, 0x00000000e9b00000, 0x00000000e9c00000|  0%| F|  |TAMS 0x00000000e9b00000, 0x00000000e9b00000| Untracked 
| 156|0x00000000e9c00000, 0x00000000e9c00000, 0x00000000e9d00000|  0%| F|  |TAMS 0x00000000e9c00000, 0x00000000e9c00000| Untracked 
| 157|0x00000000e9d00000, 0x00000000e9d00000, 0x00000000e9e00000|  0%| F|  |TAMS 0x00000000e9d00000, 0x00000000e9d00000| Untracked 
| 158|0x00000000e9e00000, 0x00000000e9e00000, 0x00000000e9f00000|  0%| F|  |TAMS 0x00000000e9e00000, 0x00000000e9e00000| Untracked 
| 159|0x00000000e9f00000, 0x00000000e9f00000, 0x00000000ea000000|  0%| F|  |TAMS 0x00000000e9f00000, 0x00000000e9f00000| Untracked 
| 160|0x00000000ea000000, 0x00000000ea000000, 0x00000000ea100000|  0%| F|  |TAMS 0x00000000ea000000, 0x00000000ea000000| Untracked 
| 161|0x00000000ea100000, 0x00000000ea100000, 0x00000000ea200000|  0%| F|  |TAMS 0x00000000ea100000, 0x00000000ea100000| Untracked 
| 162|0x00000000ea200000, 0x00000000ea200000, 0x00000000ea300000|  0%| F|  |TAMS 0x00000000ea200000, 0x00000000ea200000| Untracked 
| 163|0x00000000ea300000, 0x00000000ea300000, 0x00000000ea400000|  0%| F|  |TAMS 0x00000000ea300000, 0x00000000ea300000| Untracked 
| 164|0x00000000ea400000, 0x00000000ea400000, 0x00000000ea500000|  0%| F|  |TAMS 0x00000000ea400000, 0x00000000ea400000| Untracked 
| 165|0x00000000ea500000, 0x00000000ea53c6b8, 0x00000000ea600000| 23%| S|CS|TAMS 0x00000000ea500000, 0x00000000ea500000| Complete 
| 166|0x00000000ea600000, 0x00000000ea600000, 0x00000000ea700000|  0%| F|  |TAMS 0x00000000ea600000, 0x00000000ea600000| Untracked 
| 167|0x00000000ea700000, 0x00000000ea800000, 0x00000000ea800000|100%|HS|  |TAMS 0x00000000ea800000, 0x00000000ea800000| Complete 
| 168|0x00000000ea800000, 0x00000000ea900000, 0x00000000ea900000|100%|HC|  |TAMS 0x00000000ea900000, 0x00000000ea900000| Complete 
| 169|0x00000000ea900000, 0x00000000eaa00000, 0x00000000eaa00000|100%|HC|  |TAMS 0x00000000eaa00000, 0x00000000eaa00000| Complete 
| 170|0x00000000eaa00000, 0x00000000eab00000, 0x00000000eab00000|100%|HC|  |TAMS 0x00000000eab00000, 0x00000000eab00000| Complete 
| 171|0x00000000eab00000, 0x00000000eac00000, 0x00000000eac00000|100%|HC|  |TAMS 0x00000000eac00000, 0x00000000eac00000| Complete 
| 172|0x00000000eac00000, 0x00000000ead00000, 0x00000000ead00000|100%|HC|  |TAMS 0x00000000ead00000, 0x00000000ead00000| Complete 
| 173|0x00000000ead00000, 0x00000000eae00000, 0x00000000eae00000|100%|HC|  |TAMS 0x00000000eae00000, 0x00000000eae00000| Complete 
| 174|0x00000000eae00000, 0x00000000eaf00000, 0x00000000eaf00000|100%|HC|  |TAMS 0x00000000eaf00000, 0x00000000eaf00000| Complete 
| 175|0x00000000eaf00000, 0x00000000eb000000, 0x00000000eb000000|100%|HC|  |TAMS 0x00000000eb000000, 0x00000000eb000000| Complete 
| 176|0x00000000eb000000, 0x00000000eb100000, 0x00000000eb100000|100%|HC|  |TAMS 0x00000000eb100000, 0x00000000eb100000| Complete 
| 177|0x00000000eb100000, 0x00000000eb200000, 0x00000000eb200000|100%|HC|  |TAMS 0x00000000eb200000, 0x00000000eb200000| Complete 
| 178|0x00000000eb200000, 0x00000000eb300000, 0x00000000eb300000|100%|HC|  |TAMS 0x00000000eb300000, 0x00000000eb300000| Complete 
| 179|0x00000000eb300000, 0x00000000eb400000, 0x00000000eb400000|100%|HC|  |TAMS 0x00000000eb400000, 0x00000000eb400000| Complete 
| 180|0x00000000eb400000, 0x00000000eb500000, 0x00000000eb500000|100%|HC|  |TAMS 0x00000000eb500000, 0x00000000eb500000| Complete 
| 181|0x00000000eb500000, 0x00000000eb600000, 0x00000000eb600000|100%|HC|  |TAMS 0x00000000eb600000, 0x00000000eb600000| Complete 
| 182|0x00000000eb600000, 0x00000000eb700000, 0x00000000eb700000|100%|HC|  |TAMS 0x00000000eb700000, 0x00000000eb700000| Complete 
| 183|0x00000000eb700000, 0x00000000eb800000, 0x00000000eb800000|100%|HC|  |TAMS 0x00000000eb800000, 0x00000000eb800000| Complete 
| 184|0x00000000eb800000, 0x00000000eb900000, 0x00000000eb900000|100%|HC|  |TAMS 0x00000000eb900000, 0x00000000eb900000| Complete 
| 185|0x00000000eb900000, 0x00000000eba00000, 0x00000000eba00000|100%|HC|  |TAMS 0x00000000eba00000, 0x00000000eba00000| Complete 
| 186|0x00000000eba00000, 0x00000000ebb00000, 0x00000000ebb00000|100%|HC|  |TAMS 0x00000000ebb00000, 0x00000000ebb00000| Complete 
| 187|0x00000000ebb00000, 0x00000000ebc00000, 0x00000000ebc00000|100%|HC|  |TAMS 0x00000000ebc00000, 0x00000000ebc00000| Complete 
| 188|0x00000000ebc00000, 0x00000000ebd00000, 0x00000000ebd00000|100%|HC|  |TAMS 0x00000000ebd00000, 0x00000000ebd00000| Complete 
| 189|0x00000000ebd00000, 0x00000000ebe00000, 0x00000000ebe00000|100%|HC|  |TAMS 0x00000000ebe00000, 0x00000000ebe00000| Complete 
| 190|0x00000000ebe00000, 0x00000000ebf00000, 0x00000000ebf00000|100%|HC|  |TAMS 0x00000000ebf00000, 0x00000000ebf00000| Complete 
| 191|0x00000000ebf00000, 0x00000000ec000000, 0x00000000ec000000|100%|HC|  |TAMS 0x00000000ec000000, 0x00000000ec000000| Complete 
| 192|0x00000000ec000000, 0x00000000ec100000, 0x00000000ec100000|100%|HC|  |TAMS 0x00000000ec100000, 0x00000000ec100000| Complete 
| 193|0x00000000ec100000, 0x00000000ec200000, 0x00000000ec200000|100%|HC|  |TAMS 0x00000000ec200000, 0x00000000ec200000| Complete 
| 194|0x00000000ec200000, 0x00000000ec300000, 0x00000000ec300000|100%|HC|  |TAMS 0x00000000ec300000, 0x00000000ec300000| Complete 
| 195|0x00000000ec300000, 0x00000000ec400000, 0x00000000ec400000|100%|HC|  |TAMS 0x00000000ec400000, 0x00000000ec400000| Complete 
| 196|0x00000000ec400000, 0x00000000ec500000, 0x00000000ec500000|100%|HC|  |TAMS 0x00000000ec500000, 0x00000000ec500000| Complete 
| 197|0x00000000ec500000, 0x00000000ec600000, 0x00000000ec600000|100%|HC|  |TAMS 0x00000000ec600000, 0x00000000ec600000| Complete 
| 198|0x00000000ec600000, 0x00000000ec700000, 0x00000000ec700000|100%|HC|  |TAMS 0x00000000ec700000, 0x00000000ec700000| Complete 
| 199|0x00000000ec700000, 0x00000000ec800000, 0x00000000ec800000|100%|HC|  |TAMS 0x00000000ec800000, 0x00000000ec800000| Complete 
| 200|0x00000000ec800000, 0x00000000ec900000, 0x00000000ec900000|100%|HC|  |TAMS 0x00000000ec900000, 0x00000000ec900000| Complete 
| 201|0x00000000ec900000, 0x00000000eca00000, 0x00000000eca00000|100%|HC|  |TAMS 0x00000000eca00000, 0x00000000eca00000| Complete 
| 202|0x00000000eca00000, 0x00000000ecb00000, 0x00000000ecb00000|100%|HC|  |TAMS 0x00000000ecb00000, 0x00000000ecb00000| Complete 
| 203|0x00000000ecb00000, 0x00000000ecc00000, 0x00000000ecc00000|100%|HC|  |TAMS 0x00000000ecc00000, 0x00000000ecc00000| Complete 
| 204|0x00000000ecc00000, 0x00000000ecd00000, 0x00000000ecd00000|100%|HC|  |TAMS 0x00000000ecd00000, 0x00000000ecd00000| Complete 
| 205|0x00000000ecd00000, 0x00000000ece00000, 0x00000000ece00000|100%|HC|  |TAMS 0x00000000ece00000, 0x00000000ece00000| Complete 
| 206|0x00000000ece00000, 0x00000000ecf00000, 0x00000000ecf00000|100%|HC|  |TAMS 0x00000000ecf00000, 0x00000000ecf00000| Complete 
| 207|0x00000000ecf00000, 0x00000000ed000000, 0x00000000ed000000|100%|HC|  |TAMS 0x00000000ed000000, 0x00000000ed000000| Complete 
| 208|0x00000000ed000000, 0x00000000ed100000, 0x00000000ed100000|100%|HC|  |TAMS 0x00000000ed100000, 0x00000000ed100000| Complete 
| 209|0x00000000ed100000, 0x00000000ed200000, 0x00000000ed200000|100%|HC|  |TAMS 0x00000000ed200000, 0x00000000ed200000| Complete 
| 210|0x00000000ed200000, 0x00000000ed300000, 0x00000000ed300000|100%|HC|  |TAMS 0x00000000ed300000, 0x00000000ed300000| Complete 
| 211|0x00000000ed300000, 0x00000000ed400000, 0x00000000ed400000|100%|HC|  |TAMS 0x00000000ed400000, 0x00000000ed400000| Complete 
| 212|0x00000000ed400000, 0x00000000ed500000, 0x00000000ed500000|100%|HC|  |TAMS 0x00000000ed500000, 0x00000000ed500000| Complete 
| 213|0x00000000ed500000, 0x00000000ed600000, 0x00000000ed600000|100%|HC|  |TAMS 0x00000000ed600000, 0x00000000ed600000| Complete 
| 214|0x00000000ed600000, 0x00000000ed700000, 0x00000000ed700000|100%|HC|  |TAMS 0x00000000ed700000, 0x00000000ed700000| Complete 
| 215|0x00000000ed700000, 0x00000000ed800000, 0x00000000ed800000|100%|HC|  |TAMS 0x00000000ed800000, 0x00000000ed800000| Complete 
| 216|0x00000000ed800000, 0x00000000ed900000, 0x00000000ed900000|100%|HC|  |TAMS 0x00000000ed900000, 0x00000000ed900000| Complete 
| 217|0x00000000ed900000, 0x00000000eda00000, 0x00000000eda00000|100%|HC|  |TAMS 0x00000000eda00000, 0x00000000eda00000| Complete 
| 218|0x00000000eda00000, 0x00000000edb00000, 0x00000000edb00000|100%|HC|  |TAMS 0x00000000edb00000, 0x00000000edb00000| Complete 
| 219|0x00000000edb00000, 0x00000000edc00000, 0x00000000edc00000|100%|HC|  |TAMS 0x00000000edc00000, 0x00000000edc00000| Complete 
| 220|0x00000000edc00000, 0x00000000edd00000, 0x00000000edd00000|100%|HC|  |TAMS 0x00000000edd00000, 0x00000000edd00000| Complete 
| 221|0x00000000edd00000, 0x00000000ede00000, 0x00000000ede00000|100%|HC|  |TAMS 0x00000000ede00000, 0x00000000ede00000| Complete 
| 222|0x00000000ede00000, 0x00000000edf00000, 0x00000000edf00000|100%|HC|  |TAMS 0x00000000edf00000, 0x00000000edf00000| Complete 
| 223|0x00000000edf00000, 0x00000000ee000000, 0x00000000ee000000|100%|HC|  |TAMS 0x00000000ee000000, 0x00000000ee000000| Complete 
| 224|0x00000000ee000000, 0x00000000ee100000, 0x00000000ee100000|100%|HC|  |TAMS 0x00000000ee100000, 0x00000000ee100000| Complete 
| 225|0x00000000ee100000, 0x00000000ee200000, 0x00000000ee200000|100%|HC|  |TAMS 0x00000000ee200000, 0x00000000ee200000| Complete 
| 226|0x00000000ee200000, 0x00000000ee300000, 0x00000000ee300000|100%|HC|  |TAMS 0x00000000ee300000, 0x00000000ee300000| Complete 
| 227|0x00000000ee300000, 0x00000000ee400000, 0x00000000ee400000|100%|HC|  |TAMS 0x00000000ee400000, 0x00000000ee400000| Complete 
| 228|0x00000000ee400000, 0x00000000ee500000, 0x00000000ee500000|100%|HC|  |TAMS 0x00000000ee500000, 0x00000000ee500000| Complete 
| 229|0x00000000ee500000, 0x00000000ee600000, 0x00000000ee600000|100%|HC|  |TAMS 0x00000000ee600000, 0x00000000ee600000| Complete 
| 230|0x00000000ee600000, 0x00000000ee700000, 0x00000000ee700000|100%|HC|  |TAMS 0x00000000ee700000, 0x00000000ee700000| Complete 
| 231|0x00000000ee700000, 0x00000000ee800000, 0x00000000ee800000|100%|HC|  |TAMS 0x00000000ee800000, 0x00000000ee800000| Complete 
| 232|0x00000000ee800000, 0x00000000ee900000, 0x00000000ee900000|100%|HC|  |TAMS 0x00000000ee900000, 0x00000000ee900000| Complete 
| 233|0x00000000ee900000, 0x00000000eea00000, 0x00000000eea00000|100%|HC|  |TAMS 0x00000000eea00000, 0x00000000eea00000| Complete 
| 234|0x00000000eea00000, 0x00000000eeb00000, 0x00000000eeb00000|100%|HC|  |TAMS 0x00000000eeb00000, 0x00000000eeb00000| Complete 
| 235|0x00000000eeb00000, 0x00000000eec00000, 0x00000000eec00000|100%|HC|  |TAMS 0x00000000eec00000, 0x00000000eec00000| Complete 
| 236|0x00000000eec00000, 0x00000000eed00000, 0x00000000eed00000|100%|HC|  |TAMS 0x00000000eed00000, 0x00000000eed00000| Complete 
| 237|0x00000000eed00000, 0x00000000eee00000, 0x00000000eee00000|100%|HC|  |TAMS 0x00000000eee00000, 0x00000000eee00000| Complete 
| 238|0x00000000eee00000, 0x00000000eef00000, 0x00000000eef00000|100%|HC|  |TAMS 0x00000000eef00000, 0x00000000eef00000| Complete 
| 239|0x00000000eef00000, 0x00000000ef000000, 0x00000000ef000000|100%|HC|  |TAMS 0x00000000ef000000, 0x00000000ef000000| Complete 
| 240|0x00000000ef000000, 0x00000000ef100000, 0x00000000ef100000|100%|HC|  |TAMS 0x00000000ef100000, 0x00000000ef100000| Complete 
| 241|0x00000000ef100000, 0x00000000ef200000, 0x00000000ef200000|100%|HC|  |TAMS 0x00000000ef200000, 0x00000000ef200000| Complete 
| 242|0x00000000ef200000, 0x00000000ef300000, 0x00000000ef300000|100%|HC|  |TAMS 0x00000000ef300000, 0x00000000ef300000| Complete 
| 243|0x00000000ef300000, 0x00000000ef400000, 0x00000000ef400000|100%|HC|  |TAMS 0x00000000ef400000, 0x00000000ef400000| Complete 
| 244|0x00000000ef400000, 0x00000000ef500000, 0x00000000ef500000|100%|HC|  |TAMS 0x00000000ef500000, 0x00000000ef500000| Complete 
| 245|0x00000000ef500000, 0x00000000ef600000, 0x00000000ef600000|100%|HC|  |TAMS 0x00000000ef600000, 0x00000000ef600000| Complete 
| 246|0x00000000ef600000, 0x00000000ef700000, 0x00000000ef700000|100%|HC|  |TAMS 0x00000000ef700000, 0x00000000ef700000| Complete 
| 247|0x00000000ef700000, 0x00000000ef800000, 0x00000000ef800000|100%|HS|  |TAMS 0x00000000ef700000, 0x00000000ef800000| Complete 
| 248|0x00000000ef800000, 0x00000000ef900000, 0x00000000ef900000|100%|HC|  |TAMS 0x00000000ef800000, 0x00000000ef900000| Complete 
| 249|0x00000000ef900000, 0x00000000efa00000, 0x00000000efa00000|100%|HC|  |TAMS 0x00000000ef900000, 0x00000000efa00000| Complete 
| 250|0x00000000efa00000, 0x00000000efb00000, 0x00000000efb00000|100%|HC|  |TAMS 0x00000000efa00000, 0x00000000efb00000| Complete 
| 251|0x00000000efb00000, 0x00000000efc00000, 0x00000000efc00000|100%|HC|  |TAMS 0x00000000efb00000, 0x00000000efc00000| Complete 
| 252|0x00000000efc00000, 0x00000000efd00000, 0x00000000efd00000|100%|HC|  |TAMS 0x00000000efc00000, 0x00000000efd00000| Complete 
| 253|0x00000000efd00000, 0x00000000efe00000, 0x00000000efe00000|100%|HC|  |TAMS 0x00000000efd00000, 0x00000000efe00000| Complete 
| 254|0x00000000efe00000, 0x00000000eff00000, 0x00000000eff00000|100%|HC|  |TAMS 0x00000000efe00000, 0x00000000eff00000| Complete 
| 255|0x00000000eff00000, 0x00000000f0000000, 0x00000000f0000000|100%|HC|  |TAMS 0x00000000eff00000, 0x00000000f0000000| Complete 
| 256|0x00000000f0000000, 0x00000000f0100000, 0x00000000f0100000|100%|HC|  |TAMS 0x00000000f0000000, 0x00000000f0100000| Complete 
| 257|0x00000000f0100000, 0x00000000f0200000, 0x00000000f0200000|100%|HC|  |TAMS 0x00000000f0100000, 0x00000000f0200000| Complete 
| 258|0x00000000f0200000, 0x00000000f0300000, 0x00000000f0300000|100%|HC|  |TAMS 0x00000000f0200000, 0x00000000f0300000| Complete 
| 259|0x00000000f0300000, 0x00000000f0400000, 0x00000000f0400000|100%|HC|  |TAMS 0x00000000f0300000, 0x00000000f0400000| Complete 
| 260|0x00000000f0400000, 0x00000000f0500000, 0x00000000f0500000|100%|HC|  |TAMS 0x00000000f0400000, 0x00000000f0500000| Complete 
| 261|0x00000000f0500000, 0x00000000f0600000, 0x00000000f0600000|100%|HC|  |TAMS 0x00000000f0500000, 0x00000000f0600000| Complete 
| 262|0x00000000f0600000, 0x00000000f0700000, 0x00000000f0700000|100%|HC|  |TAMS 0x00000000f0600000, 0x00000000f0700000| Complete 
| 263|0x00000000f0700000, 0x00000000f0800000, 0x00000000f0800000|100%|HC|  |TAMS 0x00000000f0700000, 0x00000000f0800000| Complete 
| 264|0x00000000f0800000, 0x00000000f0900000, 0x00000000f0900000|100%|HC|  |TAMS 0x00000000f0800000, 0x00000000f0900000| Complete 
| 265|0x00000000f0900000, 0x00000000f0a00000, 0x00000000f0a00000|100%|HC|  |TAMS 0x00000000f0900000, 0x00000000f0a00000| Complete 
| 266|0x00000000f0a00000, 0x00000000f0b00000, 0x00000000f0b00000|100%|HC|  |TAMS 0x00000000f0a00000, 0x00000000f0b00000| Complete 
| 267|0x00000000f0b00000, 0x00000000f0c00000, 0x00000000f0c00000|100%|HC|  |TAMS 0x00000000f0b00000, 0x00000000f0c00000| Complete 
| 268|0x00000000f0c00000, 0x00000000f0d00000, 0x00000000f0d00000|100%|HC|  |TAMS 0x00000000f0c00000, 0x00000000f0d00000| Complete 
| 269|0x00000000f0d00000, 0x00000000f0e00000, 0x00000000f0e00000|100%|HC|  |TAMS 0x00000000f0d00000, 0x00000000f0e00000| Complete 
| 270|0x00000000f0e00000, 0x00000000f0f00000, 0x00000000f0f00000|100%|HC|  |TAMS 0x00000000f0e00000, 0x00000000f0f00000| Complete 
| 271|0x00000000f0f00000, 0x00000000f1000000, 0x00000000f1000000|100%|HC|  |TAMS 0x00000000f0f00000, 0x00000000f1000000| Complete 
| 272|0x00000000f1000000, 0x00000000f1100000, 0x00000000f1100000|100%|HC|  |TAMS 0x00000000f1000000, 0x00000000f1100000| Complete 
| 273|0x00000000f1100000, 0x00000000f1200000, 0x00000000f1200000|100%|HC|  |TAMS 0x00000000f1100000, 0x00000000f1200000| Complete 
| 274|0x00000000f1200000, 0x00000000f1300000, 0x00000000f1300000|100%|HC|  |TAMS 0x00000000f1200000, 0x00000000f1300000| Complete 
| 275|0x00000000f1300000, 0x00000000f1400000, 0x00000000f1400000|100%|HC|  |TAMS 0x00000000f1300000, 0x00000000f1400000| Complete 
| 276|0x00000000f1400000, 0x00000000f1500000, 0x00000000f1500000|100%|HC|  |TAMS 0x00000000f1400000, 0x00000000f1500000| Complete 
| 277|0x00000000f1500000, 0x00000000f1600000, 0x00000000f1600000|100%|HC|  |TAMS 0x00000000f1500000, 0x00000000f1600000| Complete 
| 278|0x00000000f1600000, 0x00000000f1700000, 0x00000000f1700000|100%|HC|  |TAMS 0x00000000f1600000, 0x00000000f1700000| Complete 
| 279|0x00000000f1700000, 0x00000000f1800000, 0x00000000f1800000|100%|HC|  |TAMS 0x00000000f1700000, 0x00000000f1800000| Complete 
| 280|0x00000000f1800000, 0x00000000f1900000, 0x00000000f1900000|100%|HC|  |TAMS 0x00000000f1800000, 0x00000000f1900000| Complete 
| 281|0x00000000f1900000, 0x00000000f1a00000, 0x00000000f1a00000|100%|HC|  |TAMS 0x00000000f1900000, 0x00000000f1a00000| Complete 
| 282|0x00000000f1a00000, 0x00000000f1b00000, 0x00000000f1b00000|100%|HC|  |TAMS 0x00000000f1a00000, 0x00000000f1b00000| Complete 
| 283|0x00000000f1b00000, 0x00000000f1c00000, 0x00000000f1c00000|100%|HC|  |TAMS 0x00000000f1b00000, 0x00000000f1c00000| Complete 
| 284|0x00000000f1c00000, 0x00000000f1d00000, 0x00000000f1d00000|100%|HC|  |TAMS 0x00000000f1c00000, 0x00000000f1d00000| Complete 
| 285|0x00000000f1d00000, 0x00000000f1e00000, 0x00000000f1e00000|100%|HC|  |TAMS 0x00000000f1d00000, 0x00000000f1e00000| Complete 
| 286|0x00000000f1e00000, 0x00000000f1f00000, 0x00000000f1f00000|100%|HC|  |TAMS 0x00000000f1e00000, 0x00000000f1f00000| Complete 
| 287|0x00000000f1f00000, 0x00000000f2000000, 0x00000000f2000000|100%|HC|  |TAMS 0x00000000f1f00000, 0x00000000f2000000| Complete 
| 288|0x00000000f2000000, 0x00000000f2100000, 0x00000000f2100000|100%|HC|  |TAMS 0x00000000f2000000, 0x00000000f2100000| Complete 
| 289|0x00000000f2100000, 0x00000000f2200000, 0x00000000f2200000|100%|HC|  |TAMS 0x00000000f2100000, 0x00000000f2200000| Complete 
| 290|0x00000000f2200000, 0x00000000f2300000, 0x00000000f2300000|100%|HC|  |TAMS 0x00000000f2200000, 0x00000000f2300000| Complete 
| 291|0x00000000f2300000, 0x00000000f2400000, 0x00000000f2400000|100%|HC|  |TAMS 0x00000000f2300000, 0x00000000f2400000| Complete 
| 292|0x00000000f2400000, 0x00000000f2500000, 0x00000000f2500000|100%|HC|  |TAMS 0x00000000f2400000, 0x00000000f2500000| Complete 
| 293|0x00000000f2500000, 0x00000000f2600000, 0x00000000f2600000|100%|HC|  |TAMS 0x00000000f2500000, 0x00000000f2600000| Complete 
| 294|0x00000000f2600000, 0x00000000f2700000, 0x00000000f2700000|100%|HC|  |TAMS 0x00000000f2600000, 0x00000000f2700000| Complete 
| 295|0x00000000f2700000, 0x00000000f2800000, 0x00000000f2800000|100%|HC|  |TAMS 0x00000000f2700000, 0x00000000f2800000| Complete 
| 296|0x00000000f2800000, 0x00000000f2900000, 0x00000000f2900000|100%|HC|  |TAMS 0x00000000f2800000, 0x00000000f2900000| Complete 
| 297|0x00000000f2900000, 0x00000000f2a00000, 0x00000000f2a00000|100%|HC|  |TAMS 0x00000000f2900000, 0x00000000f2a00000| Complete 
| 298|0x00000000f2a00000, 0x00000000f2b00000, 0x00000000f2b00000|100%|HC|  |TAMS 0x00000000f2a00000, 0x00000000f2b00000| Complete 
| 299|0x00000000f2b00000, 0x00000000f2c00000, 0x00000000f2c00000|100%|HC|  |TAMS 0x00000000f2b00000, 0x00000000f2c00000| Complete 
| 300|0x00000000f2c00000, 0x00000000f2d00000, 0x00000000f2d00000|100%|HC|  |TAMS 0x00000000f2c00000, 0x00000000f2d00000| Complete 
| 301|0x00000000f2d00000, 0x00000000f2e00000, 0x00000000f2e00000|100%|HC|  |TAMS 0x00000000f2d00000, 0x00000000f2e00000| Complete 
| 302|0x00000000f2e00000, 0x00000000f2f00000, 0x00000000f2f00000|100%|HC|  |TAMS 0x00000000f2e00000, 0x00000000f2f00000| Complete 
| 303|0x00000000f2f00000, 0x00000000f3000000, 0x00000000f3000000|100%|HC|  |TAMS 0x00000000f2f00000, 0x00000000f3000000| Complete 
| 304|0x00000000f3000000, 0x00000000f3100000, 0x00000000f3100000|100%|HC|  |TAMS 0x00000000f3000000, 0x00000000f3100000| Complete 
| 305|0x00000000f3100000, 0x00000000f3200000, 0x00000000f3200000|100%|HC|  |TAMS 0x00000000f3100000, 0x00000000f3200000| Complete 
| 306|0x00000000f3200000, 0x00000000f3300000, 0x00000000f3300000|100%|HC|  |TAMS 0x00000000f3200000, 0x00000000f3300000| Complete 
| 307|0x00000000f3300000, 0x00000000f3400000, 0x00000000f3400000|100%|HC|  |TAMS 0x00000000f3300000, 0x00000000f3400000| Complete 
| 308|0x00000000f3400000, 0x00000000f3500000, 0x00000000f3500000|100%|HC|  |TAMS 0x00000000f3400000, 0x00000000f3500000| Complete 
| 309|0x00000000f3500000, 0x00000000f3600000, 0x00000000f3600000|100%|HC|  |TAMS 0x00000000f3500000, 0x00000000f3600000| Complete 
| 310|0x00000000f3600000, 0x00000000f3700000, 0x00000000f3700000|100%|HC|  |TAMS 0x00000000f3600000, 0x00000000f3700000| Complete 
| 311|0x00000000f3700000, 0x00000000f3800000, 0x00000000f3800000|100%|HC|  |TAMS 0x00000000f3700000, 0x00000000f3800000| Complete 
| 312|0x00000000f3800000, 0x00000000f3900000, 0x00000000f3900000|100%|HC|  |TAMS 0x00000000f3800000, 0x00000000f3900000| Complete 
| 313|0x00000000f3900000, 0x00000000f3a00000, 0x00000000f3a00000|100%|HC|  |TAMS 0x00000000f3900000, 0x00000000f3a00000| Complete 
| 314|0x00000000f3a00000, 0x00000000f3b00000, 0x00000000f3b00000|100%|HC|  |TAMS 0x00000000f3a00000, 0x00000000f3b00000| Complete 
| 315|0x00000000f3b00000, 0x00000000f3c00000, 0x00000000f3c00000|100%|HC|  |TAMS 0x00000000f3b00000, 0x00000000f3c00000| Complete 
| 316|0x00000000f3c00000, 0x00000000f3d00000, 0x00000000f3d00000|100%|HC|  |TAMS 0x00000000f3c00000, 0x00000000f3d00000| Complete 
| 317|0x00000000f3d00000, 0x00000000f3e00000, 0x00000000f3e00000|100%|HC|  |TAMS 0x00000000f3d00000, 0x00000000f3e00000| Complete 
| 318|0x00000000f3e00000, 0x00000000f3f00000, 0x00000000f3f00000|100%|HC|  |TAMS 0x00000000f3e00000, 0x00000000f3f00000| Complete 
| 319|0x00000000f3f00000, 0x00000000f4000000, 0x00000000f4000000|100%|HC|  |TAMS 0x00000000f3f00000, 0x00000000f4000000| Complete 
| 320|0x00000000f4000000, 0x00000000f4100000, 0x00000000f4100000|100%|HC|  |TAMS 0x00000000f4000000, 0x00000000f4100000| Complete 
| 321|0x00000000f4100000, 0x00000000f4200000, 0x00000000f4200000|100%|HC|  |TAMS 0x00000000f4100000, 0x00000000f4200000| Complete 
| 322|0x00000000f4200000, 0x00000000f4300000, 0x00000000f4300000|100%|HC|  |TAMS 0x00000000f4200000, 0x00000000f4300000| Complete 
| 323|0x00000000f4300000, 0x00000000f4400000, 0x00000000f4400000|100%|HC|  |TAMS 0x00000000f4300000, 0x00000000f4400000| Complete 
| 324|0x00000000f4400000, 0x00000000f4500000, 0x00000000f4500000|100%|HC|  |TAMS 0x00000000f4400000, 0x00000000f4500000| Complete 
| 325|0x00000000f4500000, 0x00000000f4600000, 0x00000000f4600000|100%|HC|  |TAMS 0x00000000f4500000, 0x00000000f4600000| Complete 
| 326|0x00000000f4600000, 0x00000000f4700000, 0x00000000f4700000|100%|HC|  |TAMS 0x00000000f4600000, 0x00000000f4700000| Complete 
| 327|0x00000000f4700000, 0x00000000f4800000, 0x00000000f4800000|100%|HC|  |TAMS 0x00000000f4700000, 0x00000000f4800000| Complete 
| 328|0x00000000f4800000, 0x00000000f4900000, 0x00000000f4900000|100%|HC|  |TAMS 0x00000000f4800000, 0x00000000f4900000| Complete 
| 329|0x00000000f4900000, 0x00000000f4a00000, 0x00000000f4a00000|100%|HC|  |TAMS 0x00000000f4900000, 0x00000000f4a00000| Complete 
| 330|0x00000000f4a00000, 0x00000000f4b00000, 0x00000000f4b00000|100%|HC|  |TAMS 0x00000000f4a00000, 0x00000000f4b00000| Complete 
| 331|0x00000000f4b00000, 0x00000000f4c00000, 0x00000000f4c00000|100%|HC|  |TAMS 0x00000000f4b00000, 0x00000000f4c00000| Complete 
| 332|0x00000000f4c00000, 0x00000000f4d00000, 0x00000000f4d00000|100%|HC|  |TAMS 0x00000000f4c00000, 0x00000000f4d00000| Complete 
| 333|0x00000000f4d00000, 0x00000000f4e00000, 0x00000000f4e00000|100%|HC|  |TAMS 0x00000000f4d00000, 0x00000000f4e00000| Complete 
| 334|0x00000000f4e00000, 0x00000000f4f00000, 0x00000000f4f00000|100%|HC|  |TAMS 0x00000000f4e00000, 0x00000000f4f00000| Complete 
| 335|0x00000000f4f00000, 0x00000000f5000000, 0x00000000f5000000|100%|HC|  |TAMS 0x00000000f4f00000, 0x00000000f5000000| Complete 
| 336|0x00000000f5000000, 0x00000000f5100000, 0x00000000f5100000|100%|HC|  |TAMS 0x00000000f5000000, 0x00000000f5100000| Complete 
| 337|0x00000000f5100000, 0x00000000f5200000, 0x00000000f5200000|100%|HC|  |TAMS 0x00000000f5100000, 0x00000000f5200000| Complete 
| 338|0x00000000f5200000, 0x00000000f5300000, 0x00000000f5300000|100%|HC|  |TAMS 0x00000000f5200000, 0x00000000f5300000| Complete 
| 339|0x00000000f5300000, 0x00000000f5400000, 0x00000000f5400000|100%|HC|  |TAMS 0x00000000f5300000, 0x00000000f5400000| Complete 
| 340|0x00000000f5400000, 0x00000000f5500000, 0x00000000f5500000|100%|HC|  |TAMS 0x00000000f5400000, 0x00000000f5500000| Complete 
| 341|0x00000000f5500000, 0x00000000f5600000, 0x00000000f5600000|100%|HC|  |TAMS 0x00000000f5500000, 0x00000000f5600000| Complete 
| 342|0x00000000f5600000, 0x00000000f5700000, 0x00000000f5700000|100%|HC|  |TAMS 0x00000000f5600000, 0x00000000f5700000| Complete 
| 343|0x00000000f5700000, 0x00000000f5800000, 0x00000000f5800000|100%|HC|  |TAMS 0x00000000f5700000, 0x00000000f5800000| Complete 
| 344|0x00000000f5800000, 0x00000000f5900000, 0x00000000f5900000|100%|HC|  |TAMS 0x00000000f5800000, 0x00000000f5900000| Complete 
| 345|0x00000000f5900000, 0x00000000f5a00000, 0x00000000f5a00000|100%|HC|  |TAMS 0x00000000f5900000, 0x00000000f5a00000| Complete 
| 346|0x00000000f5a00000, 0x00000000f5b00000, 0x00000000f5b00000|100%|HC|  |TAMS 0x00000000f5a00000, 0x00000000f5b00000| Complete 
| 347|0x00000000f5b00000, 0x00000000f5c00000, 0x00000000f5c00000|100%|HC|  |TAMS 0x00000000f5b00000, 0x00000000f5c00000| Complete 
| 348|0x00000000f5c00000, 0x00000000f5d00000, 0x00000000f5d00000|100%|HC|  |TAMS 0x00000000f5c00000, 0x00000000f5d00000| Complete 
| 349|0x00000000f5d00000, 0x00000000f5e00000, 0x00000000f5e00000|100%|HC|  |TAMS 0x00000000f5d00000, 0x00000000f5e00000| Complete 
| 350|0x00000000f5e00000, 0x00000000f5f00000, 0x00000000f5f00000|100%|HC|  |TAMS 0x00000000f5e00000, 0x00000000f5f00000| Complete 
| 351|0x00000000f5f00000, 0x00000000f6000000, 0x00000000f6000000|100%|HC|  |TAMS 0x00000000f5f00000, 0x00000000f6000000| Complete 
| 352|0x00000000f6000000, 0x00000000f6100000, 0x00000000f6100000|100%|HC|  |TAMS 0x00000000f6000000, 0x00000000f6100000| Complete 
| 353|0x00000000f6100000, 0x00000000f6200000, 0x00000000f6200000|100%|HC|  |TAMS 0x00000000f6100000, 0x00000000f6200000| Complete 
| 354|0x00000000f6200000, 0x00000000f6300000, 0x00000000f6300000|100%|HC|  |TAMS 0x00000000f6200000, 0x00000000f6300000| Complete 
| 355|0x00000000f6300000, 0x00000000f6400000, 0x00000000f6400000|100%|HC|  |TAMS 0x00000000f6300000, 0x00000000f6400000| Complete 
| 356|0x00000000f6400000, 0x00000000f6500000, 0x00000000f6500000|100%|HC|  |TAMS 0x00000000f6400000, 0x00000000f6500000| Complete 
| 357|0x00000000f6500000, 0x00000000f6600000, 0x00000000f6600000|100%|HC|  |TAMS 0x00000000f6500000, 0x00000000f6600000| Complete 
| 358|0x00000000f6600000, 0x00000000f6700000, 0x00000000f6700000|100%|HC|  |TAMS 0x00000000f6600000, 0x00000000f6700000| Complete 
| 359|0x00000000f6700000, 0x00000000f6800000, 0x00000000f6800000|100%|HC|  |TAMS 0x00000000f6700000, 0x00000000f6800000| Complete 
| 360|0x00000000f6800000, 0x00000000f6900000, 0x00000000f6900000|100%|HC|  |TAMS 0x00000000f6800000, 0x00000000f6900000| Complete 
| 361|0x00000000f6900000, 0x00000000f6a00000, 0x00000000f6a00000|100%|HC|  |TAMS 0x00000000f6900000, 0x00000000f6a00000| Complete 
| 362|0x00000000f6a00000, 0x00000000f6b00000, 0x00000000f6b00000|100%|HC|  |TAMS 0x00000000f6a00000, 0x00000000f6b00000| Complete 
| 363|0x00000000f6b00000, 0x00000000f6c00000, 0x00000000f6c00000|100%|HC|  |TAMS 0x00000000f6b00000, 0x00000000f6c00000| Complete 
| 364|0x00000000f6c00000, 0x00000000f6d00000, 0x00000000f6d00000|100%|HC|  |TAMS 0x00000000f6c00000, 0x00000000f6d00000| Complete 
| 365|0x00000000f6d00000, 0x00000000f6e00000, 0x00000000f6e00000|100%|HC|  |TAMS 0x00000000f6d00000, 0x00000000f6e00000| Complete 

Card table byte_map: [0x00000196970b0000,0x00000196971b0000] _byte_map_base: 0x00000196969b0000

Marking Bits (Prev, Next): (CMBitMap*) 0x00000196ff9c5c30, (CMBitMap*) 0x00000196ff9c5c70
 Prev Bits: [0x00000196972b0000, 0x0000019697ab0000)
 Next Bits: [0x0000019697ab0000, 0x00000196982b0000)

Polling page: 0x00000196fe140000

Metaspace:

Usage:
  Non-class:      6.87 MB used.
      Class:      1.06 MB used.
       Both:      7.94 MB used.

Virtual space:
  Non-class space:       64.00 MB reserved,       7.00 MB ( 11%) committed,  1 nodes.
      Class space:        1.00 GB reserved,       1.19 MB ( <1%) committed,  1 nodes.
             Both:        1.06 GB reserved,       8.19 MB ( <1%) committed. 

Chunk freelists:
   Non-Class:  862.00 KB
       Class:  2.76 MB
        Both:  3.60 MB

MaxMetaspaceSize: unlimited
CompressedClassSpaceSize: 1.00 GB
Initial GC threshold: 21.00 MB
Current GC threshold: 21.00 MB
CDS: on
MetaspaceReclaimPolicy: balanced
 - commit_granule_bytes: 65536.
 - commit_granule_words: 8192.
 - virtual_space_node_default_size: 8388608.
 - enlarge_chunks_in_place: 1.
 - new_chunks_are_fully_committed: 0.
 - uncommit_free_chunks: 1.
 - use_allocation_guard: 0.


Internal statistics:

num_allocs_failed_limit: 0.
num_arena_births: 196.
num_arena_deaths: 0.
num_vsnodes_births: 2.
num_vsnodes_deaths: 0.
num_space_committed: 131.
num_space_uncommitted: 0.
num_chunks_returned_to_freelist: 0.
num_chunks_taken_from_freelist: 452.
num_chunk_merges: 0.
num_chunk_splits: 251.
num_chunks_enlarged: 157.
num_inconsistent_stats: 0.

CodeHeap 'non-profiled nmethods': size=120000Kb used=486Kb max_used=486Kb free=119514Kb
 bounds [0x000001968f970000, 0x000001968fbe0000, 0x0000019696ea0000]
CodeHeap 'profiled nmethods': size=120000Kb used=2974Kb max_used=2974Kb free=117026Kb
 bounds [0x0000019687ea0000, 0x0000019688190000, 0x000001968f3d0000]
CodeHeap 'non-nmethods': size=5760Kb used=1247Kb max_used=1278Kb free=4512Kb
 bounds [0x000001968f3d0000, 0x000001968f640000, 0x000001968f970000]
 total_blobs=2008 nmethods=1548 adapters=372
 compilation: enabled
              stopped_count=0, restarted_count=0
 full_count=0

Compilation events (20 events):
Event: 2.058 Thread 0x000001969a8230e0 1538       3       java.util.Random::nextDouble (24 bytes)
Event: 2.058 Thread 0x000001969a8230e0 nmethod 1538 0x0000019688180d90 code [0x0000019688180f60, 0x0000019688181238]
Event: 2.058 Thread 0x000001969a81a760 nmethod 1540 0x000001968f9e7810 code [0x000001968f9e7980, 0x000001968f9e7a18]
Event: 2.058 Thread 0x000001969a81a760 1541       4       java.util.Random::next (47 bytes)
Event: 2.059 Thread 0x000001969a81a760 nmethod 1541 0x000001968f9e7b10 code [0x000001968f9e7ca0, 0x000001968f9e7d98]
Event: 2.059 Thread 0x000001969a81a760 1542       4       java.lang.Integer::valueOf (32 bytes)
Event: 2.061 Thread 0x000001969a81a760 nmethod 1542 0x000001968f9e7e90 code [0x000001968f9e8020, 0x000001968f9e80f8]
Event: 2.061 Thread 0x000001969a81a760 1543       4       java.lang.Math::random (7 bytes)
Event: 2.062 Thread 0x000001969f265320 nmethod 1539 0x000001968f9e8190 code [0x000001968f9e8320, 0x000001968f9e85c8]
Event: 2.065 Thread 0x000001969a81a760 nmethod 1543 0x000001968f9e8790 code [0x000001968f9e8940, 0x000001968f9e8a98]
Event: 2.067 Thread 0x000001969a8230e0 1544 %     3       TestComputationBenchmark::testComputationBenchmark @ 10 (341 bytes)
Event: 2.069 Thread 0x000001969a8230e0 nmethod 1544% 0x0000019688181310 code [0x00000196881817a0, 0x00000196881832d8]
Event: 2.069 Thread 0x000001969a8230e0 1545       3       TestComputationBenchmark::testComputationBenchmark (341 bytes)
Event: 2.071 Thread 0x000001969a8230e0 nmethod 1545 0x0000019688184090 code [0x0000019688184520, 0x0000019688185fb8]
Event: 2.072 Thread 0x000001969f265320 1546 %     4       TestComputationBenchmark::testComputationBenchmark @ 10 (341 bytes)
Event: 2.082 Thread 0x000001969f265320 nmethod 1546% 0x000001968f9e8c10 code [0x000001968f9e8e00, 0x000001968f9e9328]
Event: 2.155 Thread 0x000001969a8230e0 1547       3       java.util.concurrent.locks.ReentrantLock$Sync::isHeldExclusively (16 bytes)
Event: 2.156 Thread 0x000001969a8230e0 nmethod 1547 0x0000019688186d90 code [0x0000019688186f40, 0x00000196881870d8]
Event: 2.156 Thread 0x000001969a8230e0 1548       3       java.util.concurrent.locks.AbstractQueuedSynchronizer$ConditionObject::signalAll (34 bytes)
Event: 2.156 Thread 0x000001969a8230e0 nmethod 1548 0x0000019688187190 code [0x0000019688187360, 0x00000196881876a8]

GC Heap History (20 events):
Event: 1.885 GC heap before
{Heap before GC invocations=1 (full 0):
 garbage-first heap   total 63488K, used 16660K [0x00000000e0000000, 0x0000000100000000)
  region size 1024K, 13 young (13312K), 2 survivors (2048K)
 Metaspace       used 7474K, committed 7744K, reserved 1114112K
  class space    used 963K, committed 1088K, reserved 1048576K
}
Event: 1.892 GC heap after
{Heap after GC invocations=2 (full 0):
 garbage-first heap   total 63488K, used 6370K [0x00000000e0000000, 0x0000000100000000)
  region size 1024K, 2 young (2048K), 2 survivors (2048K)
 Metaspace       used 7474K, committed 7744K, reserved 1114112K
  class space    used 963K, committed 1088K, reserved 1048576K
}
Event: 2.132 GC heap before
{Heap before GC invocations=2 (full 0):
 garbage-first heap   total 63488K, used 25826K [0x00000000e0000000, 0x0000000100000000)
  region size 1024K, 7 young (7168K), 2 survivors (2048K)
 Metaspace       used 8125K, committed 8384K, reserved 1114112K
  class space    used 1089K, committed 1216K, reserved 1048576K
}
Event: 2.154 GC heap after
{Heap after GC invocations=3 (full 0):
 garbage-first heap   total 63488K, used 23065K [0x00000000e0000000, 0x0000000100000000)
  region size 1024K, 2 young (2048K), 2 survivors (2048K)
 Metaspace       used 8125K, committed 8384K, reserved 1114112K
  class space    used 1089K, committed 1216K, reserved 1048576K
}
Event: 2.190 GC heap before
{Heap before GC invocations=3 (full 0):
 garbage-first heap   total 63488K, used 30233K [0x00000000e0000000, 0x0000000100000000)
  region size 1024K, 3 young (3072K), 2 survivors (2048K)
 Metaspace       used 8127K, committed 8384K, reserved 1114112K
  class space    used 1089K, committed 1216K, reserved 1048576K
}
Event: 2.205 GC heap after
{Heap after GC invocations=4 (full 0):
 garbage-first heap   total 63488K, used 30109K [0x00000000e0000000, 0x0000000100000000)
  region size 1024K, 2 young (2048K), 2 survivors (2048K)
 Metaspace       used 8127K, committed 8384K, reserved 1114112K
  class space    used 1089K, committed 1216K, reserved 1048576K
}
Event: 2.364 GC heap before
{Heap before GC invocations=5 (full 0):
 garbage-first heap   total 63488K, used 41373K [0x00000000e0000000, 0x0000000100000000)
  region size 1024K, 2 young (2048K), 2 survivors (2048K)
 Metaspace       used 8127K, committed 8384K, reserved 1114112K
  class space    used 1089K, committed 1216K, reserved 1048576K
}
Event: 2.382 GC heap after
{Heap after GC invocations=6 (full 0):
 garbage-first heap   total 63488K, used 41404K [0x00000000e0000000, 0x0000000100000000)
  region size 1024K, 2 young (2048K), 2 survivors (2048K)
 Metaspace       used 8127K, committed 8384K, reserved 1114112K
  class space    used 1089K, committed 1216K, reserved 1048576K
}
Event: 2.622 GC heap before
{Heap before GC invocations=7 (full 0):
 garbage-first heap   total 88064K, used 47548K [0x00000000e0000000, 0x0000000100000000)
  region size 1024K, 2 young (2048K), 2 survivors (2048K)
 Metaspace       used 8127K, committed 8384K, reserved 1114112K
  class space    used 1089K, committed 1216K, reserved 1048576K
}
Event: 2.637 GC heap after
{Heap after GC invocations=8 (full 0):
 garbage-first heap   total 88064K, used 47712K [0x00000000e0000000, 0x0000000100000000)
  region size 1024K, 1 young (1024K), 1 survivors (1024K)
 Metaspace       used 8127K, committed 8384K, reserved 1114112K
  class space    used 1089K, committed 1216K, reserved 1048576K
}
Event: 2.888 GC heap before
{Heap before GC invocations=9 (full 0):
 garbage-first heap   total 116736K, used 68192K [0x00000000e0000000, 0x0000000100000000)
  region size 1024K, 1 young (1024K), 1 survivors (1024K)
 Metaspace       used 8127K, committed 8384K, reserved 1114112K
  class space    used 1089K, committed 1216K, reserved 1048576K
}
Event: 2.903 GC heap after
{Heap after GC invocations=10 (full 0):
 garbage-first heap   total 116736K, used 68014K [0x00000000e0000000, 0x0000000100000000)
  region size 1024K, 1 young (1024K), 1 survivors (1024K)
 Metaspace       used 8127K, committed 8384K, reserved 1114112K
  class space    used 1089K, committed 1216K, reserved 1048576K
}
Event: 3.200 GC heap before
{Heap before GC invocations=11 (full 0):
 garbage-first heap   total 171008K, used 97710K [0x00000000e0000000, 0x0000000100000000)
  region size 1024K, 1 young (1024K), 1 survivors (1024K)
 Metaspace       used 8127K, committed 8384K, reserved 1114112K
  class space    used 1089K, committed 1216K, reserved 1048576K
}
Event: 3.216 GC heap after
{Heap after GC invocations=12 (full 0):
 garbage-first heap   total 171008K, used 97701K [0x00000000e0000000, 0x0000000100000000)
  region size 1024K, 1 young (1024K), 1 survivors (1024K)
 Metaspace       used 8127K, committed 8384K, reserved 1114112K
  class space    used 1089K, committed 1216K, reserved 1048576K
}
Event: 3.693 GC heap before
{Heap before GC invocations=13 (full 0):
 garbage-first heap   total 252928K, used 142757K [0x00000000e0000000, 0x0000000100000000)
  region size 1024K, 1 young (1024K), 1 survivors (1024K)
 Metaspace       used 8127K, committed 8384K, reserved 1114112K
  class space    used 1089K, committed 1216K, reserved 1048576K
}
Event: 3.717 GC heap after
{Heap after GC invocations=14 (full 0):
 garbage-first heap   total 252928K, used 142747K [0x00000000e0000000, 0x0000000100000000)
  region size 1024K, 1 young (1024K), 1 survivors (1024K)
 Metaspace       used 8127K, committed 8384K, reserved 1114112K
  class space    used 1089K, committed 1216K, reserved 1048576K
}
Event: 4.994 GC heap before
{Heap before GC invocations=15 (full 0):
 garbage-first heap   total 374784K, used 210331K [0x00000000e0000000, 0x0000000100000000)
  region size 1024K, 1 young (1024K), 1 survivors (1024K)
 Metaspace       used 8127K, committed 8384K, reserved 1114112K
  class space    used 1089K, committed 1216K, reserved 1048576K
}
Event: 5.013 GC heap after
{Heap after GC invocations=16 (full 0):
 garbage-first heap   total 374784K, used 210333K [0x00000000e0000000, 0x0000000100000000)
  region size 1024K, 1 young (1024K), 1 survivors (1024K)
 Metaspace       used 8127K, committed 8384K, reserved 1114112K
  class space    used 1089K, committed 1216K, reserved 1048576K
}
Event: 5.013 GC heap before
{Heap before GC invocations=16 (full 0):
 garbage-first heap   total 374784K, used 210333K [0x00000000e0000000, 0x0000000100000000)
  region size 1024K, 1 young (1024K), 1 survivors (1024K)
 Metaspace       used 8127K, committed 8384K, reserved 1114112K
  class space    used 1089K, committed 1216K, reserved 1048576K
}
Event: 5.015 GC heap after
{Heap after GC invocations=17 (full 0):
 garbage-first heap   total 374784K, used 210333K [0x00000000e0000000, 0x0000000100000000)
  region size 1024K, 1 young (1024K), 1 survivors (1024K)
 Metaspace       used 8127K, committed 8384K, reserved 1114112K
  class space    used 1089K, committed 1216K, reserved 1048576K
}

Dll operation events (9 events):
Event: 0.016 Loaded shared library C:\Program Files\Java\jdk-19\bin\java.dll
Event: 0.035 Loaded shared library C:\Program Files\Java\jdk-19\bin\jsvml.dll
Event: 0.191 Loaded shared library C:\Program Files\Java\jdk-19\bin\net.dll
Event: 0.195 Loaded shared library C:\Program Files\Java\jdk-19\bin\nio.dll
Event: 0.201 Loaded shared library C:\Program Files\Java\jdk-19\bin\zip.dll
Event: 0.364 Loaded shared library C:\Program Files\Java\jdk-19\bin\verify.dll
Event: 0.377 Loaded shared library C:\Program Files\Java\jdk-19\bin\jimage.dll
Event: 0.955 Loaded shared library C:\Program Files\Java\jdk-19\bin\extnet.dll
Event: 1.108 Loaded shared library C:\Program Files\Java\jdk-19\bin\sunmscapi.dll

Deoptimization events (20 events):
Event: 1.694 Thread 0x00000196ff993c00 Uncommon trap: trap_request=0xffffffde fr.pc=0x000001968f9d3aac relative=0x000000000000010c
Event: 1.694 Thread 0x00000196ff993c00 Uncommon trap: reason=class_check action=maybe_recompile pc=0x000001968f9d3aac method=jdk.internal.misc.Unsafe.allocateUninitializedArray(Ljava/lang/Class;I)Ljava/lang/Object; @ 51 c2
Event: 1.694 Thread 0x00000196ff993c00 DEOPT PACKING pc=0x000001968f9d3aac sp=0x0000003f53afcbf0
Event: 1.694 Thread 0x00000196ff993c00 DEOPT UNPACKING pc=0x000001968f436d9d sp=0x0000003f53afcb78 mode 2
Event: 1.694 Thread 0x00000196ff993c00 Uncommon trap: trap_request=0xffffffde fr.pc=0x000001968f9d3aac relative=0x000000000000010c
Event: 1.694 Thread 0x00000196ff993c00 Uncommon trap: reason=class_check action=maybe_recompile pc=0x000001968f9d3aac method=jdk.internal.misc.Unsafe.allocateUninitializedArray(Ljava/lang/Class;I)Ljava/lang/Object; @ 51 c2
Event: 1.694 Thread 0x00000196ff993c00 DEOPT PACKING pc=0x000001968f9d3aac sp=0x0000003f53afcd20
Event: 1.695 Thread 0x00000196ff993c00 DEOPT UNPACKING pc=0x000001968f436d9d sp=0x0000003f53afcca8 mode 2
Event: 1.695 Thread 0x00000196ff993c00 Uncommon trap: trap_request=0xffffffde fr.pc=0x000001968f9d3aac relative=0x000000000000010c
Event: 1.695 Thread 0x00000196ff993c00 Uncommon trap: reason=class_check action=maybe_recompile pc=0x000001968f9d3aac method=jdk.internal.misc.Unsafe.allocateUninitializedArray(Ljava/lang/Class;I)Ljava/lang/Object; @ 51 c2
Event: 1.695 Thread 0x00000196ff993c00 DEOPT PACKING pc=0x000001968f9d3aac sp=0x0000003f53afc9f0
Event: 1.695 Thread 0x00000196ff993c00 DEOPT UNPACKING pc=0x000001968f436d9d sp=0x0000003f53afc978 mode 2
Event: 1.841 Thread 0x00000196ff993c00 DEOPT PACKING pc=0x0000019687ee47e7 sp=0x0000003f53afd220
Event: 1.841 Thread 0x00000196ff993c00 DEOPT UNPACKING pc=0x000001968f437524 sp=0x0000003f53afc6f8 mode 0
Event: 2.052 Thread 0x00000196ff993c00 Uncommon trap: trap_request=0xffffff45 fr.pc=0x000001968f97ae54 relative=0x00000000000001b4
Event: 2.052 Thread 0x00000196ff993c00 Uncommon trap: reason=unstable_if action=reinterpret pc=0x000001968f97ae54 method=java.lang.String.hashCode()I @ 20 c2
Event: 2.052 Thread 0x00000196ff993c00 DEOPT PACKING pc=0x000001968f97ae54 sp=0x0000003f53afb970
Event: 2.052 Thread 0x00000196ff993c00 DEOPT UNPACKING pc=0x000001968f436d9d sp=0x0000003f53afb900 mode 2
Event: 2.083 Thread 0x00000196ff993c00 DEOPT PACKING pc=0x0000019688182e9e sp=0x0000003f53afc1c0
Event: 2.083 Thread 0x00000196ff993c00 DEOPT UNPACKING pc=0x000001968f437524 sp=0x0000003f53afb728 mode 0

Classes loaded (20 events):
Event: 1.945 Loading class java/util/Collections$ReverseComparator
Event: 1.948 Loading class java/util/Collections$ReverseComparator done
Event: 1.948 Loading class java/util/Collections$ReverseComparator2
Event: 1.948 Loading class java/util/Collections$ReverseComparator2 done
Event: 1.954 Loading class java/net/URLDecoder
Event: 1.955 Loading class java/net/URLDecoder done
Event: 1.961 Loading class java/util/concurrent/CancellationException
Event: 1.961 Loading class java/util/concurrent/CancellationException done
Event: 1.961 Loading class java/util/concurrent/ExecutionException
Event: 1.961 Loading class java/util/concurrent/ExecutionException done
Event: 2.002 Loading class java/util/function/BooleanSupplier
Event: 2.002 Loading class java/util/function/BooleanSupplier done
Event: 2.030 Loading class java/util/ArrayList$ListItr
Event: 2.030 Loading class java/util/ArrayList$ListItr done
Event: 2.051 Loading class java/time/format/DateTimeParseException
Event: 2.051 Loading class java/time/DateTimeException
Event: 2.051 Loading class java/time/DateTimeException done
Event: 2.051 Loading class java/time/format/DateTimeParseException done
Event: 2.057 Loading class java/lang/Math$RandomNumberGeneratorHolder
Event: 2.057 Loading class java/lang/Math$RandomNumberGeneratorHolder done

Classes unloaded (0 events):
No events

Classes redefined (0 events):
No events

Internal exceptions (20 events):
Event: 1.761 Thread 0x00000196ff993c00 Exception <a 'java/lang/NoSuchMethodError'{0x00000000e35837c0}: 'java.lang.Object java.lang.invoke.DirectMethodHandle$Holder.invokeSpecialIFC(java.lang.Object, java.lang.Object, java.lang.Object, java.lang.Object)'> (0x00000000e35837c0) 
thrown [s\open\src\hotspot\share\interpreter\linkResolver.cpp, line 774]
Event: 1.766 Thread 0x00000196ff993c00 Exception <a 'java/lang/NoSuchMethodError'{0x00000000e359b988}: 'java.lang.Object java.lang.invoke.DirectMethodHandle$Holder.invokeInterface(java.lang.Object, java.lang.Object, java.lang.Object)'> (0x00000000e359b988) 
thrown [s\open\src\hotspot\share\interpreter\linkResolver.cpp, line 774]
Event: 1.791 Thread 0x00000196ff993c00 Exception <a 'java/lang/NoSuchMethodError'{0x00000000e341a1d0}: 'java.lang.Object java.lang.invoke.DirectMethodHandle$Holder.newInvokeSpecial(java.lang.Object, java.lang.Object, java.lang.Object, java.lang.Object, java.lang.Object, java.lang.Object)'> (0x00000000e341a1d0) 
thrown [s\open\src\hotspot\share\interpreter\linkResolver.cpp, line 774]
Event: 1.798 Thread 0x00000196ff993c00 Exception <a 'java/lang/NoSuchMethodError'{0x00000000e345de38}: 'void java.lang.invoke.DirectMethodHandle$Holder.invokeInterface(java.lang.Object, java.lang.Object, java.lang.Object, java.lang.Object, java.lang.Object)'> (0x00000000e345de38) 
thrown [s\open\src\hotspot\share\interpreter\linkResolver.cpp, line 774]
Event: 1.799 Thread 0x00000196ff993c00 Exception <a 'java/lang/IncompatibleClassChangeError'{0x00000000e3461dc0}: Found class java.lang.Object, but interface was expected> (0x00000000e3461dc0) 
thrown [s\open\src\hotspot\share\interpreter\linkResolver.cpp, line 841]
Event: 1.810 Thread 0x00000196ff993c00 Exception <a 'java/lang/IncompatibleClassChangeError'{0x00000000e3494268}: Found class java.lang.Object, but interface was expected> (0x00000000e3494268) 
thrown [s\open\src\hotspot\share\interpreter\linkResolver.cpp, line 841]
Event: 1.829 Thread 0x00000196ff993c00 Exception <a 'java/lang/NoSuchMethodError'{0x00000000e34fdc28}: 'void java.lang.invoke.DirectMethodHandle$Holder.invokeSpecial(java.lang.Object, java.lang.Object, java.lang.Object, java.lang.Object, java.lang.Object)'> (0x00000000e34fdc28) 
thrown [s\open\src\hotspot\share\interpreter\linkResolver.cpp, line 774]
Event: 1.864 Thread 0x00000196ff993c00 Exception <a 'java/lang/NoSuchMethodError'{0x00000000e3380ba0}: 'void java.lang.invoke.DirectMethodHandle$Holder.invokeInterface(java.lang.Object, java.lang.Object, java.lang.Object, java.lang.Object)'> (0x00000000e3380ba0) 
thrown [s\open\src\hotspot\share\interpreter\linkResolver.cpp, line 774]
Event: 1.865 Thread 0x00000196ff993c00 Exception <a 'java/lang/IncompatibleClassChangeError'{0x00000000e3384780}: Found class java.lang.Object, but interface was expected> (0x00000000e3384780) 
thrown [s\open\src\hotspot\share\interpreter\linkResolver.cpp, line 841]
Event: 1.868 Thread 0x00000196ff993c00 Exception <a 'java/lang/NoSuchMethodError'{0x00000000e339af60}: 'void java.lang.invoke.DirectMethodHandle$Holder.invokeStatic(java.lang.Object, java.lang.Object, java.lang.Object, java.lang.Object)'> (0x00000000e339af60) 
thrown [s\open\src\hotspot\share\interpreter\linkResolver.cpp, line 774]
Event: 1.884 Thread 0x00000196ff993c00 Exception <a 'java/lang/NoSuchMethodError'{0x00000000e33f4ad8}: 'int java.lang.invoke.DirectMethodHandle$Holder.invokeStatic(java.lang.Object, java.lang.Object, java.lang.Object, java.lang.Object)'> (0x00000000e33f4ad8) 
thrown [s\open\src\hotspot\share\interpreter\linkResolver.cpp, line 774]
Event: 1.884 Thread 0x00000196ff993c00 Exception <a 'java/lang/NoSuchMethodError'{0x00000000e33f8418}: 'java.lang.Object java.lang.invoke.Invokers$Holder.invokeExact_MT(java.lang.Object, java.lang.Object, java.lang.Object, java.lang.Object, java.lang.Object, java.lang.Object)'> (0x00000000e33f8418) 
thrown [s\open\src\hotspot\share\interpreter\linkResolver.cpp, line 774]
Event: 1.897 Thread 0x00000196ff993c00 Exception <a 'java/lang/NoSuchMethodError'{0x00000000e3d2cb28}: 'int java.lang.invoke.DirectMethodHandle$Holder.invokeStatic(java.lang.Object, java.lang.Object, java.lang.Object, java.lang.Object, java.lang.Object)'> (0x00000000e3d2cb28) 
thrown [s\open\src\hotspot\share\interpreter\linkResolver.cpp, line 774]
Event: 1.911 Thread 0x00000196ff993c00 Exception <a 'java/lang/NoSuchMethodError'{0x00000000e3d70f48}: 'void java.lang.invoke.DirectMethodHandle$Holder.invokeStaticInit(java.lang.Object)'> (0x00000000e3d70f48) 
thrown [s\open\src\hotspot\share\interpreter\linkResolver.cpp, line 774]
Event: 1.952 Thread 0x00000196ff993c00 Exception <a 'java/lang/NoSuchMethodError'{0x00000000e3c47058}: 'java.lang.Object java.lang.invoke.DirectMethodHandle$Holder.newInvokeSpecial(java.lang.Object, java.lang.Object, int)'> (0x00000000e3c47058) 
thrown [s\open\src\hotspot\share\interpreter\linkResolver.cpp, line 774]
Event: 1.963 Thread 0x00000196ff993c00 Exception <a 'java/lang/NoSuchMethodError'{0x00000000e3c85e18}: 'int java.lang.invoke.DirectMethodHandle$Holder.invokeStaticInit(java.lang.Object, java.lang.Object)'> (0x00000000e3c85e18) 
thrown [s\open\src\hotspot\share\interpreter\linkResolver.cpp, line 774]
Event: 2.026 Thread 0x00000196ff993c00 Exception <a 'java/lang/NoSuchMethodError'{0x00000000e3ba3710}: 'java.lang.Object java.lang.invoke.DirectMethodHandle$Holder.newInvokeSpecial(java.lang.Object, java.lang.Object, java.lang.Object, java.lang.Object, java.lang.Object, java.lang.Object, java.lang.Object)'> (0x00000000e3ba3710) 
thrown [s\open\src\hotspot\share\interpreter\linkResolver.cpp, line 774]
Event: 2.027 Thread 0x00000196ff993c00 Exception <a 'java/lang/NoSuchMethodError'{0x00000000e3bab600}: 'java.lang.Object java.lang.invoke.DirectMethodHandle$Holder.invokeInterface(java.lang.Object, java.lang.Object, java.lang.Object, java.lang.Object, java.lang.Object)'> (0x00000000e3bab600) 
thrown [s\open\src\hotspot\share\interpreter\linkResolver.cpp, line 774]
Event: 2.027 Thread 0x00000196ff993c00 Exception <a 'java/lang/IncompatibleClassChangeError'{0x00000000e3baf410}: Found class java.lang.Object, but interface was expected> (0x00000000e3baf410) 
thrown [s\open\src\hotspot\share\interpreter\linkResolver.cpp, line 841]
Event: 2.056 Thread 0x00000196ff993c00 Exception <a 'java/lang/NoSuchMethodError'{0x00000000e3a466f8}: 'void java.lang.invoke.DirectMethodHandle$Holder.invokeVirtual(java.lang.Object, java.lang.Object)'> (0x00000000e3a466f8) 
thrown [s\open\src\hotspot\share\interpreter\linkResolver.cpp, line 774]

VM Operations (20 events):
Event: 2.903 Executing VM operation: G1TryInitiateConcMark done
Event: 3.080 Executing VM operation: G1PauseRemark
Event: 3.081 Executing VM operation: G1PauseRemark done
Event: 3.188 Executing VM operation: G1PauseCleanup
Event: 3.189 Executing VM operation: G1PauseCleanup done
Event: 3.200 Executing VM operation: G1TryInitiateConcMark
Event: 3.216 Executing VM operation: G1TryInitiateConcMark done
Event: 3.473 Executing VM operation: G1PauseRemark
Event: 3.475 Executing VM operation: G1PauseRemark done
Event: 3.649 Executing VM operation: G1PauseCleanup
Event: 3.650 Executing VM operation: G1PauseCleanup done
Event: 3.693 Executing VM operation: G1TryInitiateConcMark
Event: 3.717 Executing VM operation: G1TryInitiateConcMark done
Event: 4.186 Executing VM operation: G1PauseRemark
Event: 4.260 Executing VM operation: G1PauseRemark done
Event: 4.543 Executing VM operation: G1PauseCleanup
Event: 4.576 Executing VM operation: G1PauseCleanup done
Event: 4.994 Executing VM operation: G1TryInitiateConcMark
Event: 5.013 Executing VM operation: G1TryInitiateConcMark done
Event: 5.013 Executing VM operation: G1CollectForAllocation

Events (16 events):
Event: 0.036 Thread 0x00000196ff993c00 Thread added: 0x00000196ff993c00
Event: 0.064 Thread 0x00000196ffa5c000 Thread added: 0x00000196ffa5c000
Event: 0.064 Thread 0x00000196ffa5e940 Thread added: 0x00000196ffa5e940
Event: 0.065 Thread 0x000001969a812a60 Thread added: 0x000001969a812a60
Event: 0.065 Thread 0x000001969a813390 Thread added: 0x000001969a813390
Event: 0.065 Thread 0x000001969a813cc0 Thread added: 0x000001969a813cc0
Event: 0.065 Thread 0x000001969a8145f0 Thread added: 0x000001969a8145f0
Event: 0.065 Thread 0x000001969a81a760 Thread added: 0x000001969a81a760
Event: 0.065 Thread 0x000001969a8230e0 Thread added: 0x000001969a8230e0
Event: 0.066 Thread 0x000001969a827a60 Thread added: 0x000001969a827a60
Event: 0.178 Thread 0x000001969ec6f0a0 Thread added: 0x000001969ec6f0a0
Event: 0.183 Thread 0x000001969ec756b0 Thread added: 0x000001969ec756b0
Event: 1.077 Thread 0x000001969f264500 Thread added: 0x000001969f264500
Event: 1.136 Thread 0x000001969f265320 Thread added: 0x000001969f265320
Event: 1.279 Thread 0x000001969f42e610 Thread added: 0x000001969f42e610
Event: 1.280 Thread 0x000001969f2da740 Thread added: 0x000001969f2da740


Dynamic libraries:
0x00007ff702420000 - 0x00007ff702430000 	C:\Program Files\Java\jdk-19\bin\java.exe
0x00007ff987620000 - 0x00007ff987829000 	C:\windows\SYSTEM32\ntdll.dll
0x00007ff985760000 - 0x00007ff98581e000 	C:\windows\System32\KERNEL32.DLL
0x00007ff984fd0000 - 0x00007ff98534c000 	C:\windows\System32\KERNELBASE.dll
0x00007ff985380000 - 0x00007ff985491000 	C:\windows\System32\ucrtbase.dll
0x00007ff981ab0000 - 0x00007ff981acb000 	C:\Program Files\Java\jdk-19\bin\VCRUNTIME140.dll
0x00007ff97d510000 - 0x00007ff97d528000 	C:\Program Files\Java\jdk-19\bin\jli.dll
0x00007ff985590000 - 0x00007ff98563e000 	C:\windows\System32\ADVAPI32.dll
0x00007ff985f60000 - 0x00007ff986003000 	C:\windows\System32\msvcrt.dll
0x00007ff985890000 - 0x00007ff98592e000 	C:\windows\System32\sechost.dll
0x00007ff986850000 - 0x00007ff986970000 	C:\windows\System32\RPCRT4.dll
0x00007ff96ad60000 - 0x00007ff96b005000 	C:\windows\WinSxS\amd64_microsoft.windows.common-controls_6595b64144ccf1df_6.0.22000.120_none_9d947278b86cc467\COMCTL32.dll
0x00007ff986d70000 - 0x00007ff986f1d000 	C:\windows\System32\USER32.dll
0x00007ff986c50000 - 0x00007ff986c79000 	C:\windows\System32\GDI32.dll
0x00007ff985350000 - 0x00007ff985376000 	C:\windows\System32\win32u.dll
0x00007ff984b60000 - 0x00007ff984c78000 	C:\windows\System32\gdi32full.dll
0x00007ff984c80000 - 0x00007ff984d1d000 	C:\windows\System32\msvcp_win.dll
0x00007ff97cd60000 - 0x00007ff97cd6a000 	C:\windows\SYSTEM32\VERSION.dll
0x00007ff985e20000 - 0x00007ff985e51000 	C:\windows\System32\IMM32.DLL
0x00007ff981a80000 - 0x00007ff981a8c000 	C:\Program Files\Java\jdk-19\bin\vcruntime140_1.dll
0x00007ff966260000 - 0x00007ff9662ee000 	C:\Program Files\Java\jdk-19\bin\msvcp140.dll
0x00007ff938f00000 - 0x00007ff939bc0000 	C:\Program Files\Java\jdk-19\bin\server\jvm.dll
0x00007ff97f720000 - 0x00007ff97f729000 	C:\windows\SYSTEM32\WSOCK32.dll
0x00007ff97d3c0000 - 0x00007ff97d3f3000 	C:\windows\SYSTEM32\WINMM.dll
0x00007ff985ee0000 - 0x00007ff985f4f000 	C:\windows\System32\WS2_32.dll
0x00007ff983b70000 - 0x00007ff983b88000 	C:\windows\SYSTEM32\kernel.appcore.dll
0x00007ff9804f0000 - 0x00007ff9804fa000 	C:\Program Files\Java\jdk-19\bin\jimage.dll
0x00007ff982540000 - 0x00007ff982761000 	C:\windows\SYSTEM32\DBGHELP.DLL
0x00007ff9663e0000 - 0x00007ff966411000 	C:\windows\SYSTEM32\dbgcore.DLL
0x00007ff984e90000 - 0x00007ff984f0f000 	C:\windows\System32\bcryptPrimitives.dll
0x00007ff96f210000 - 0x00007ff96f236000 	C:\Program Files\Java\jdk-19\bin\java.dll
0x00007ff965f10000 - 0x00007ff965fe7000 	C:\Program Files\Java\jdk-19\bin\jsvml.dll
0x00007ff986010000 - 0x00007ff9867d5000 	C:\windows\System32\SHELL32.dll
0x00007ff982be0000 - 0x00007ff983445000 	C:\windows\SYSTEM32\windows.storage.dll
0x00007ff9859c0000 - 0x00007ff985d36000 	C:\windows\System32\combase.dll
0x00007ff982a70000 - 0x00007ff982bd6000 	C:\windows\SYSTEM32\wintypes.dll
0x00007ff986b40000 - 0x00007ff986c2a000 	C:\windows\System32\SHCORE.dll
0x00007ff9867f0000 - 0x00007ff98684d000 	C:\windows\System32\shlwapi.dll
0x00007ff984a20000 - 0x00007ff984a41000 	C:\windows\SYSTEM32\profapi.dll
0x00007ff96cfc0000 - 0x00007ff96cfd3000 	C:\Program Files\Java\jdk-19\bin\net.dll
0x00007ff97ddf0000 - 0x00007ff97df02000 	C:\windows\SYSTEM32\WINHTTP.dll
0x00007ff984010000 - 0x00007ff984077000 	C:\windows\system32\mswsock.dll
0x00007ff96cfa0000 - 0x00007ff96cfb6000 	C:\Program Files\Java\jdk-19\bin\nio.dll
0x00007ff96f1f0000 - 0x00007ff96f208000 	C:\Program Files\Java\jdk-19\bin\zip.dll
0x00007ff97d500000 - 0x00007ff97d510000 	C:\Program Files\Java\jdk-19\bin\verify.dll
0x00007ff981af0000 - 0x00007ff981af8000 	C:\Program Files\Java\jdk-19\bin\extnet.dll
0x00007ff96fd80000 - 0x00007ff96fd8e000 	C:\Program Files\Java\jdk-19\bin\sunmscapi.dll
0x00007ff984d20000 - 0x00007ff984e82000 	C:\windows\System32\CRYPT32.dll
0x00007ff9843b0000 - 0x00007ff9843d8000 	C:\windows\SYSTEM32\ncrypt.dll
0x00007ff984370000 - 0x00007ff9843a7000 	C:\windows\SYSTEM32\NTASN1.dll
0x00007ff970e70000 - 0x00007ff970e78000 	C:\windows\system32\wshunix.dll
0x00007ff984250000 - 0x00007ff984268000 	C:\windows\SYSTEM32\CRYPTSP.dll
0x00007ff983ad0000 - 0x00007ff983b05000 	C:\windows\system32\rsaenh.dll
0x00007ff984100000 - 0x00007ff984129000 	C:\windows\SYSTEM32\USERENV.dll
0x00007ff9843e0000 - 0x00007ff984407000 	C:\windows\SYSTEM32\bcrypt.dll
0x00007ff984270000 - 0x00007ff98427c000 	C:\windows\SYSTEM32\CRYPTBASE.dll
0x00007ff9836a0000 - 0x00007ff9836cd000 	C:\windows\SYSTEM32\IPHLPAPI.DLL
0x00007ff985f50000 - 0x00007ff985f59000 	C:\windows\System32\NSI.dll
0x00007ff97d5f0000 - 0x00007ff97d609000 	C:\windows\SYSTEM32\dhcpcsvc6.DLL
0x00007ff97eae0000 - 0x00007ff97eafe000 	C:\windows\SYSTEM32\dhcpcsvc.DLL
0x00007ff9836d0000 - 0x00007ff9837b8000 	C:\windows\SYSTEM32\DNSAPI.dll

dbghelp: loaded successfully - version: 4.0.5 - missing functions: none
symbol engine: initialized successfully - sym options: 0x614 - pdb path: .;C:\Program Files\Java\jdk-19\bin;C:\windows\SYSTEM32;C:\windows\WinSxS\amd64_microsoft.windows.common-controls_6595b64144ccf1df_6.0.22000.120_none_9d947278b86cc467;C:\Program Files\Java\jdk-19\bin\server

VM Arguments:
jvm_args: -Dorg.gradle.internal.worker.tmpdir=C:\Users\toena\IdeaProjects\CPS353-Project\build\tmp\test\work -Dorg.gradle.native=false -Xmx512m -Dfile.encoding=windows-1252 -Duser.country=US -Duser.language=en -Duser.variant -ea 
java_command: worker.org.gradle.process.internal.worker.GradleWorkerMain 'Gradle Test Executor 11'
java_class_path (initial): C:\\Users\\toena\\.gradle\\caches\\8.6\\workerMain\\gradle-worker.jar;C:\\Users\\toena\\IdeaProjects\\CPS353-Project\\build\\classes\\java\\test;C:\\Users\\toena\\IdeaProjects\\CPS353-Project\\build\\classes\\java\\main;C:\\Users\\toena\\IdeaProjects\\CPS353-Project\\build\\resources\\main;C:\\Users\\toena\\.gradle\\caches\\modules-2\\files-2.1\\io.grpc\\grpc-services\\1.59.1\\c40b642d33c9ada8451ca5701863ce8d6214e92\\grpc-services-1.59.1.jar;C:\\Users\\toena\\.gradle\\caches\\modules-2\\files-2.1\\io.grpc\\grpc-protobuf\\1.59.1\\c5cf8c7f94eb83bca069889f25a0c4112d715365\\grpc-protobuf-1.59.1.jar;C:\\Users\\toena\\.gradle\\caches\\modules-2\\files-2.1\\io.grpc\\grpc-testing\\1.59.1\\29595864b59f41b73bc19d737bff4c5aa283b137\\grpc-testing-1.59.1.jar;C:\\Users\\toena\\.gradle\\caches\\modules-2\\files-2.1\\io.grpc\\grpc-stub\\1.59.1\\7d29780f48086e00ae371751d2d453a837540e2f\\grpc-stub-1.59.1.jar;C:\\Users\\toena\\.gradle\\caches\\modules-2\\files-2.1\\io.grpc\\grpc-netty-shaded\\1.59.1\\f21e58260856ccef71f1ab9315bfa9fd195e848e\\grpc-netty-shaded-1.59.1.jar;C:\\Users\\toena\\.gradle\\caches\\modules-2\\files-2.1\\io.grpc\\grpc-inprocess\\1.59.1\\33f031b64a114ba496f74431cc5c3ff4b7174c5b\\grpc-inprocess-1.59.1.jar;C:\\Users\\toena\\.gradle\\caches\\modules-2\\files-2.1\\junit\\junit\\4.13.2\\8ac9e16d933b6fb43bc7f576336b8f4d7eb5ba12\\junit-4.13.2.jar;C:\\Users\\toena\\.gradle\\caches\\modules-2\\files-2.1\\org.junit.jupiter\\junit-jupiter-params\\5.8.2\\ddeafe92fc263f895bfb73ffeca7fd56e23c2cce\\junit-jupiter-params-5.8.2.jar;C:\\Users\\toena\\.gradle\\caches\\modules-2\\files-2.1\\org.junit.jupiter\\junit-jupiter-engine\\5.8.2\\c598b4328d2f397194d11df3b1648d68d7d990e3\\junit-jupiter-engine-5.8.2.jar;C:\\Users\\toena\\.gradle\\caches\\modules-2\\files-2.1\\org.junit.jupiter\\junit-jupiter-api\\5.8.2\\4c21029217adf07e4c0d0c5e192b6bf610c94bdc\\junit-jupiter-api-5.8.2.jar;C:\\Users\\toena\\.gradle\\caches\\modules-2\\files-2.1\\org.junit.platform\\junit-platform-engine\\1.8.2\\b737de09f19864bd136805c84df7999a142fec29\\junit-platform-engine-1.8.2.jar;C:\\Users\\toena\\.gradle\\caches\\modules-2\\files-2.1\\org.junit.platform\\junit-platform-commons\\1.8.2\\32c8b8617c1342376fd5af2053da6410d8866861\\junit-platform-commons-1.8.2.jar;C:\\Users\\toena\\.gradle\\caches\\modules-2\\files-2.1\\org.junit.jupiter\\junit-jupiter\\5.8.2\\5a817b1e63f1217e5c586090c45e681281f097ad\\junit-jupiter-5.8.2.jar;C:\\Users\\toena\\.gradle\\caches\\modules-2\\files-2.1\\org.mockito\\mockito-core\\5.10.0\\b3812fa2ee069f1d0b41c1c0155da79d0e1dcde0\\mockito-core-5.10.0.jar;C:\\Users\\toena\\.gradle\\caches\\modules-2\\files-2.1\\io.grpc\\grpc-protobuf-lite\\1.59.1\\d08f76893dd446d66f8bc7025237150443a38291\\grpc-protobuf-lite-1.59.1.jar;C:\\Users\\toena\\.gradle\\caches\\modules-2\\files-2.1\\io.grpc\\grpc-util\\1.59.1\\1ab8cc9de5a85a97312903102d82f90fe2e18083\\grpc-util-1.59.1.jar;C:\\Users\\toena\\.gradle\\caches\\modules-2\\files-2.1\\io.grpc\\grpc-core\\1.59.1\\88fef1ad68a4571ef443e9c0ac6355c0bd89647e\\grpc-core-1.59.1.jar;C:\\Users\\toena\\.gradle\\caches\\modules-2\\files-2.1\\io.grpc\\grpc-context\\1.59.1\\ebbb99b123e4804e7a28aed0c00cdba1ad244b16\\grpc-context-1.59.1.jar;C:\\Users\\toena\\.gradle\\caches\\modules-2\\files-2.1\\io.grpc\\grpc-api\\1.59.1\\fb57dd0097c792e97afb186f09c47c8c2b9598cc\\grpc-api-1.59.1.jar;C:\\Users\\toena\\.gradle\\caches\\modules-2\\files-2.1\\com.google.protobuf\\protobuf-java-util\\3.24.0\\3008d814776133a4312e4ba25eb9e28ea56990e8\\protobuf-java-util-3.24.0.jar;C:\\Users\\toena\\.gradle\\caches\\modules-2\\files-2.1\\com.google.guava\\guava\\32.0.1-jre\\6e5d51a72d142f2d40a57dfb897188b36a95b489\\guava-32.0.1-jre.jar;C:\\Users\\toena\\.gradle\\caches\\modules-2\\files-2.1\\com.google.code.findbugs\\jsr305\\3.0.2\\25ea2e8b0c338a877313bd4672d3fe056ea78f0d\\jsr305-3.0.2.jar;C:\\Users\\toena\\.gradle\\caches\\modules-2\\files-2.1\\com.google.api.grpc\\proto-google-common-protos\\2.22.0\\627126f6a05085dab0caba68dcdad118512975ef\\proto-google-common-protos-2.22.0.jar;C:\\Users\\toena\\.gradle\\caches\\modules-2\\files-2.1\\com.google.protobuf\\protobuf-java\\3.24.0\\850a0efbee73911b2c30fa2238a549244524d31e\\protobuf-java-3.24.0.jar;C:\\Users\\toena\\.gradle\\caches\\modules-2\\files-2.1\\com.google.errorprone\\error_prone_annotations\\2.20.0\\bd4d8f4a02886a26b60c76048547a453691fcec3\\error_prone_annotations-2.20.0.jar;C:\\Users\\toena\\.gradle\\caches\\modules-2\\files-2.1\\com.google.j2objc\\j2objc-annotations\\2.8\\c85270e307e7b822f1086b93689124b89768e273\\j2objc-annotations-2.8.jar;C:\\Users\\toena\\.gradle\\caches\\modules-2\\files-2.1\\com.google.code.gson\\gson\\2.10.1\\b3add478d4382b78ea20b1671390a858002feb6c\\gson-2.10.1.jar;C:\\Users\\toena\\.gradle\\caches\\modules-2\\files-2.1\\io.perfmark\\perfmark-api\\0.26.0\\ef65452adaf20bf7d12ef55913aba24037b82738\\perfmark-api-0.26.0.jar;C:\\Users\\toena\\.gradle\\caches\\modules-2\\files-2.1\\net.bytebuddy\\byte-buddy\\1.14.11\\725602eb7c8c56b51b9c21f273f9df5c909d9e7d\\byte-buddy-1.14.11.jar;C:\\Users\\toena\\.gradle\\caches\\modules-2\\files-2.1\\net.bytebuddy\\byte-buddy-agent\\1.14.11\\f9cb566608fbac6bc7bf54901a7aa11543a989ee\\byte-buddy-agent-1.14.11.jar;C:\\Users\\toena\\.gradle\\caches\\modules-2\\files-2.1\\org.objenesis\\objenesis\\3.3\\1049c09f1de4331e8193e579448d0916d75b7631\\objenesis-3.3.jar;C:\\Users\\toena\\.gradle\\caches\\modules-2\\files-2.1\\com.google.guava\\failureaccess\\1.0.1\\1dcf1de382a0bf95a3d8b0849546c88bac1292c9\\failureaccess-1.0.1.jar;C:\\Users\\toena\\.gradle\\caches\\modules-2\\files-2.1\\com.google.guava\\listenablefuture\\9999.0-empty-to-avoid-conflict-with-guava\\b421526c5f297295adef1c886e5246c39d4ac629\\listenablefuture-9999.0-empty-to-avoid-conflict-with-guava.jar;C:\\Users\\toena\\.gradle\\caches\\modules-2\\files-2.1\\org.checkerframework\\checker-qual\\3.33.0\\de2b60b62da487644fc11f734e73c8b0b431238f\\checker-qual-3.33.0.jar;C:\\Users\\toena\\.gradle\\caches\\modules-2\\files-2.1\\org.codehaus.mojo\\animal-sniffer-annotations\\1.23\\3c0daebd5f0e1ce72cc50c818321ac957aeb5d70\\animal-sniffer-annotations-1.23.jar;C:\\Users\\toena\\.gradle\\caches\\modules-2\\files-2.1\\com.google.android\\annotations\\4.1.1.4\\a1678ba907bf92691d879fef34e1a187038f9259\\annotations-4.1.1.4.jar;C:\\Users\\toena\\.gradle\\caches\\modules-2\\files-2.1\\org.hamcrest\\hamcrest-core\\1.3\\42a25dc3219429f0e5d060061f71acb49bf010a0\\hamcrest-core-1.3.jar;C:\\Users\\toena\\.gradle\\caches\\modules-2\\files-2.1\\org.opentest4j\\opentest4j\\1.2.0\\28c11eb91f9b6d8e200631d46e20a7f407f2a046\\opentest4j-1.2.0.jar;C:\\Users\\toena\\.gradle\\wrapper\\dists\\gradle-8.6-bin\\afr5mpiioh2wthjmwnkmdsd5w\\gradle-8.6\\lib\\plugins\\junit-platform-engine-1.8.2.jar;C:\\Users\\toena\\.gradle\\wrapper\\dists\\gradle-8.6-bin\\afr5mpiioh2wthjmwnkmdsd5w\\gradle-8.6\\lib\\plugins\\junit-platform-launcher-1.8.2.jar;C:\\Users\\toena\\.gradle\\wrapper\\dists\\gradle-8.6-bin\\afr5mpiioh2wthjmwnkmdsd5w\\gradle-8.6\\lib\\plugins\\junit-platform-commons-1.8.2.jar
Launcher Type: SUN_STANDARD

[Global flags]
     intx CICompilerCount                          = 3                                         {product} {ergonomic}
     uint ConcGCThreads                            = 1                                         {product} {ergonomic}
     uint G1ConcRefinementThreads                  = 4                                         {product} {ergonomic}
   size_t G1HeapRegionSize                         = 1048576                                   {product} {ergonomic}
    uintx GCDrainStackTargetSize                   = 64                                        {product} {ergonomic}
   size_t InitialHeapSize                          = 65011712                                  {product} {ergonomic}
   size_t MarkStackSize                            = 4194304                                   {product} {ergonomic}
   size_t MaxHeapSize                              = 536870912                                 {product} {command line}
   size_t MaxNewSize                               = 321912832                                 {product} {ergonomic}
   size_t MinHeapDeltaBytes                        = 1048576                                   {product} {ergonomic}
   size_t MinHeapSize                              = 8388608                                   {product} {ergonomic}
    uintx NonNMethodCodeHeapSize                   = 5832780                                {pd product} {ergonomic}
    uintx NonProfiledCodeHeapSize                  = 122912730                              {pd product} {ergonomic}
    uintx ProfiledCodeHeapSize                     = 122912730                              {pd product} {ergonomic}
    uintx ReservedCodeCacheSize                    = 251658240                              {pd product} {ergonomic}
     bool SegmentedCodeCache                       = true                                      {product} {ergonomic}
   size_t SoftMaxHeapSize                          = 536870912                              {manageable} {ergonomic}
     bool UseCompressedClassPointers               = true                           {product lp64_product} {ergonomic}
     bool UseCompressedOops                        = true                           {product lp64_product} {ergonomic}
     bool UseG1GC                                  = true                                      {product} {ergonomic}
     bool UseLargePagesIndividualAllocation        = false                                  {pd product} {ergonomic}

Logging:
Log output configuration:
 #0: stdout all=warning uptime,level,tags foldmultilines=false
 #1: stderr all=off uptime,level,tags foldmultilines=false

Environment Variables:
PATH=C:\Program Files\Common Files\Oracle\Java\javapath;C:\windows\system32;C:\windows;C:\windows\System32\Wbem;C:\windows\System32\WindowsPowerShell\v1.0\;C:\windows\System32\OpenSSH\;C:\Program Files\Git\cmd;C:\Users\toena\AppData\Local\Programs\Python\Python313\Scripts\;C:\Users\toena\AppData\Local\Programs\Python\Python313\;C:\Users\toena\AppData\Local\Microsoft\WindowsApps;C:\Users\toena\AppData\Local\GitHubDesktop\bin;C:\Program Files\JetBrains\PyCharm Community Edition 2024.3\bin;
USERNAME=toena
OS=Windows_NT
PROCESSOR_IDENTIFIER=Intel64 Family 6 Model 122 Stepping 8, GenuineIntel
TMP=C:\Users\toena\AppData\Local\Temp
TEMP=C:\Users\toena\AppData\Local\Temp



---------------  S Y S T E M  ---------------

OS:
 Windows 11 , 64 bit Build 22000 (10.0.22000.1516)
OS uptime: 4 days 14:01 hours

CPU: total 4 (initial active 4) (4 cores per cpu, 1 threads per core) family 6 model 122 stepping 8 microcode 0x20, cx8, cmov, fxsr, mmx, 3dnowpref, sse, sse2, sse3, ssse3, sse4.1, sse4.2, popcnt, tsc, tscinvbit, aes, erms, clmul, sha, clflush, clflushopt, rdtscp, rdpid

Memory: 4k page, system-wide physical 3858M (347M free)
TotalPageFile size 7715M (AvailPageFile size 116M)
current process WorkingSet (physical memory assigned to process): 407M, peak: 407M
current process commit charge ("private bytes"): 471M, peak: 617M

vm_info: Java HotSpot(TM) 64-Bit Server VM (19.0.1+10-21) for windows-amd64 JRE (19.0.1+10-21), built on 2022-09-14T12:45:06Z by "mach5one" with MS VC++ 17.1 (VS2022)

END.
